{"/home/safiak/SK_ZEMOSOLABS/Training/ReactAssignment/blinkist-TS-app_V7/src/App.tsx": {"path":"/home/safiak/SK_ZEMOSOLABS/Training/ReactAssignment/blinkist-TS-app_V7/src/App.tsx","statementMap":{"0":{"start":{"line":18,"column":31},"end":{"line":21,"column":2}},"1":{"start":{"line":29,"column":28},"end":{"line":29,"column":42}},"2":{"start":{"line":30,"column":34},"end":{"line":30,"column":63}},"3":{"start":{"line":32,"column":2},"end":{"line":34,"column":20}},"4":{"start":{"line":33,"column":4},"end":{"line":33,"column":22}},"5":{"start":{"line":36,"column":2},"end":{"line":56,"column":4}}},"fnMap":{"0":{"name":"(anonymous_0)","decl":{"start":{"line":20,"column":15},"end":{"line":20,"column":16}},"loc":{"start":{"line":20,"column":21},"end":{"line":20,"column":23}},"line":20},"1":{"name":"App","decl":{"start":{"line":28,"column":9},"end":{"line":28,"column":12}},"loc":{"start":{"line":28,"column":15},"end":{"line":57,"column":1}},"line":28},"2":{"name":"(anonymous_2)","decl":{"start":{"line":32,"column":12},"end":{"line":32,"column":13}},"loc":{"start":{"line":32,"column":18},"end":{"line":34,"column":3}},"line":32}},"branchMap":{"0":{"loc":{"start":{"line":36,"column":9},"end":{"line":56,"column":3}},"type":"cond-expr","locations":[{"start":{"line":37,"column":4},"end":{"line":39,"column":10}},{"start":{"line":41,"column":4},"end":{"line":55,"column":10}}],"line":36}},"s":{"0":4,"1":5,"2":4,"3":4,"4":2,"5":4},"f":{"0":0,"1":5,"2":2},"b":{"0":[0,4]},"_coverageSchema":"1a1c01bbd47fc00a2c39e90264f33305004495a9","hash":"67436a83611cca978b6d4d572229167a31b718b1"}
,"/home/safiak/SK_ZEMOSOLABS/Training/ReactAssignment/blinkist-TS-app_V7/src/data.tsx": {"path":"/home/safiak/SK_ZEMOSOLABS/Training/ReactAssignment/blinkist-TS-app_V7/src/data.tsx","statementMap":{"0":{"start":{"line":1,"column":18},"end":{"line":110,"column":1}}},"fnMap":{},"branchMap":{},"s":{"0":4},"f":{},"b":{},"_coverageSchema":"1a1c01bbd47fc00a2c39e90264f33305004495a9","hash":"60abb7cd34d94a302d8786320bf1b7bcd235dc45"}
,"/home/safiak/SK_ZEMOSOLABS/Training/ReactAssignment/blinkist-TS-app_V7/src/index.tsx": {"path":"/home/safiak/SK_ZEMOSOLABS/Training/ReactAssignment/blinkist-TS-app_V7/src/index.tsx","statementMap":{"0":{"start":{"line":8,"column":15},"end":{"line":8,"column":36}},"1":{"start":{"line":9,"column":17},"end":{"line":9,"column":24}},"2":{"start":{"line":11,"column":0},"end":{"line":22,"column":2}},"3":{"start":{"line":27,"column":0},"end":{"line":27,"column":18}}},"fnMap":{},"branchMap":{},"s":{"0":0,"1":0,"2":0,"3":0},"f":{},"b":{}}
,"/home/safiak/SK_ZEMOSOLABS/Training/ReactAssignment/blinkist-TS-app_V7/src/react-app-env.d.ts": {"path":"/home/safiak/SK_ZEMOSOLABS/Training/ReactAssignment/blinkist-TS-app_V7/src/react-app-env.d.ts","statementMap":{},"fnMap":{},"branchMap":{},"s":{},"f":{},"b":{}}
,"/home/safiak/SK_ZEMOSOLABS/Training/ReactAssignment/blinkist-TS-app_V7/src/reportWebVitals.ts": {"path":"/home/safiak/SK_ZEMOSOLABS/Training/ReactAssignment/blinkist-TS-app_V7/src/reportWebVitals.ts","statementMap":{"0":{"start":{"line":3,"column":24},"end":{"line":13,"column":1}},"1":{"start":{"line":4,"column":2},"end":{"line":12,"column":3}},"2":{"start":{"line":5,"column":4},"end":{"line":11,"column":7}},"3":{"start":{"line":6,"column":6},"end":{"line":6,"column":26}},"4":{"start":{"line":7,"column":6},"end":{"line":7,"column":26}},"5":{"start":{"line":8,"column":6},"end":{"line":8,"column":26}},"6":{"start":{"line":9,"column":6},"end":{"line":9,"column":26}},"7":{"start":{"line":10,"column":6},"end":{"line":10,"column":27}}},"fnMap":{"0":{"name":"(anonymous_0)","decl":{"start":{"line":3,"column":24},"end":{"line":3,"column":25}},"loc":{"start":{"line":3,"column":57},"end":{"line":13,"column":1}},"line":3},"1":{"name":"(anonymous_1)","decl":{"start":{"line":5,"column":30},"end":{"line":5,"column":31}},"loc":{"start":{"line":5,"column":79},"end":{"line":11,"column":5}},"line":5}},"branchMap":{"0":{"loc":{"start":{"line":4,"column":2},"end":{"line":12,"column":3}},"type":"if","locations":[{"start":{"line":4,"column":2},"end":{"line":12,"column":3}},{"start":{},"end":{}}],"line":4},"1":{"loc":{"start":{"line":4,"column":6},"end":{"line":4,"column":52}},"type":"binary-expr","locations":[{"start":{"line":4,"column":6},"end":{"line":4,"column":17}},{"start":{"line":4,"column":21},"end":{"line":4,"column":52}}],"line":4}},"s":{"0":0,"1":0,"2":0,"3":0,"4":0,"5":0,"6":0,"7":0},"f":{"0":0,"1":0},"b":{"0":[0,0],"1":[0,0]}}
,"/home/safiak/SK_ZEMOSOLABS/Training/ReactAssignment/blinkist-TS-app_V7/src/components/atoms/Logo/Logo.stories.tsx": {"path":"/home/safiak/SK_ZEMOSOLABS/Training/ReactAssignment/blinkist-TS-app_V7/src/components/atoms/Logo/Logo.stories.tsx","statementMap":{"0":{"start":{"line":8,"column":25},"end":{"line":8,"column":44}},"1":{"start":{"line":8,"column":31},"end":{"line":8,"column":44}}},"fnMap":{"0":{"name":"(anonymous_0)","decl":{"start":{"line":8,"column":25},"end":{"line":8,"column":26}},"loc":{"start":{"line":8,"column":31},"end":{"line":8,"column":44}},"line":8}},"branchMap":{},"s":{"0":0,"1":0},"f":{"0":0},"b":{}}
,"/home/safiak/SK_ZEMOSOLABS/Training/ReactAssignment/blinkist-TS-app_V7/src/components/atoms/Logo/Logo.tsx": {"path":"/home/safiak/SK_ZEMOSOLABS/Training/ReactAssignment/blinkist-TS-app_V7/src/components/atoms/Logo/Logo.tsx","statementMap":{"0":{"start":{"line":4,"column":13},"end":{"line":27,"column":1}},"1":{"start":{"line":5,"column":2},"end":{"line":26,"column":4}}},"fnMap":{"0":{"name":"(anonymous_0)","decl":{"start":{"line":4,"column":13},"end":{"line":4,"column":14}},"loc":{"start":{"line":4,"column":19},"end":{"line":27,"column":1}},"line":4}},"branchMap":{},"s":{"0":7,"1":29},"f":{"0":29},"b":{},"_coverageSchema":"1a1c01bbd47fc00a2c39e90264f33305004495a9","hash":"3f822a39ef268c8e61e0564716acc3a6a3cf0477"}
,"/home/safiak/SK_ZEMOSOLABS/Training/ReactAssignment/blinkist-TS-app_V7/src/components/atoms/Logo/index.tsx": {"path":"/home/safiak/SK_ZEMOSOLABS/Training/ReactAssignment/blinkist-TS-app_V7/src/components/atoms/Logo/index.tsx","statementMap":{},"fnMap":{},"branchMap":{},"s":{},"f":{},"b":{},"_coverageSchema":"1a1c01bbd47fc00a2c39e90264f33305004495a9","hash":"6f8e62277b5ef18a69572915df3c3dfed4c81db9"}
,"/home/safiak/SK_ZEMOSOLABS/Training/ReactAssignment/blinkist-TS-app_V7/src/components/atoms/PageTitle/PageTitle.stories.tsx": {"path":"/home/safiak/SK_ZEMOSOLABS/Training/ReactAssignment/blinkist-TS-app_V7/src/components/atoms/PageTitle/PageTitle.stories.tsx","statementMap":{"0":{"start":{"line":8,"column":25},"end":{"line":8,"column":75}},"1":{"start":{"line":8,"column":31},"end":{"line":8,"column":75}}},"fnMap":{"0":{"name":"(anonymous_0)","decl":{"start":{"line":8,"column":25},"end":{"line":8,"column":26}},"loc":{"start":{"line":8,"column":31},"end":{"line":8,"column":75}},"line":8}},"branchMap":{},"s":{"0":0,"1":0},"f":{"0":0},"b":{}}
,"/home/safiak/SK_ZEMOSOLABS/Training/ReactAssignment/blinkist-TS-app_V7/src/components/atoms/PageTitle/PageTitle.tsx": {"path":"/home/safiak/SK_ZEMOSOLABS/Training/ReactAssignment/blinkist-TS-app_V7/src/components/atoms/PageTitle/PageTitle.tsx","statementMap":{"0":{"start":{"line":5,"column":18},"end":{"line":19,"column":1}},"1":{"start":{"line":6,"column":2},"end":{"line":18,"column":4}}},"fnMap":{"0":{"name":"(anonymous_0)","decl":{"start":{"line":5,"column":18},"end":{"line":5,"column":19}},"loc":{"start":{"line":5,"column":45},"end":{"line":19,"column":1}},"line":5}},"branchMap":{},"s":{"0":5,"1":6},"f":{"0":6},"b":{},"_coverageSchema":"1a1c01bbd47fc00a2c39e90264f33305004495a9","hash":"feda8c5d08d61f74387663bf38f90bd8c0dd3a88"}
,"/home/safiak/SK_ZEMOSOLABS/Training/ReactAssignment/blinkist-TS-app_V7/src/components/atoms/PageTitle/index.tsx": {"path":"/home/safiak/SK_ZEMOSOLABS/Training/ReactAssignment/blinkist-TS-app_V7/src/components/atoms/PageTitle/index.tsx","statementMap":{},"fnMap":{},"branchMap":{},"s":{},"f":{},"b":{},"_coverageSchema":"1a1c01bbd47fc00a2c39e90264f33305004495a9","hash":"aa847530c70b6cdde8a5d8a78bb6a11f9dd89b35"}
,"/home/safiak/SK_ZEMOSOLABS/Training/ReactAssignment/blinkist-TS-app_V7/src/components/atoms/ProgressBar/ProgressBar.stories.tsx": {"path":"/home/safiak/SK_ZEMOSOLABS/Training/ReactAssignment/blinkist-TS-app_V7/src/components/atoms/ProgressBar/ProgressBar.stories.tsx","statementMap":{"0":{"start":{"line":8,"column":25},"end":{"line":8,"column":58}},"1":{"start":{"line":8,"column":31},"end":{"line":8,"column":58}}},"fnMap":{"0":{"name":"(anonymous_0)","decl":{"start":{"line":8,"column":25},"end":{"line":8,"column":26}},"loc":{"start":{"line":8,"column":31},"end":{"line":8,"column":58}},"line":8}},"branchMap":{},"s":{"0":0,"1":0},"f":{"0":0},"b":{}}
,"/home/safiak/SK_ZEMOSOLABS/Training/ReactAssignment/blinkist-TS-app_V7/src/components/atoms/ProgressBar/ProgressBar.tsx": {"path":"/home/safiak/SK_ZEMOSOLABS/Training/ReactAssignment/blinkist-TS-app_V7/src/components/atoms/ProgressBar/ProgressBar.tsx","statementMap":{"0":{"start":{"line":4,"column":15},"end":{"line":14,"column":1}},"1":{"start":{"line":16,"column":20},"end":{"line":22,"column":1}},"2":{"start":{"line":17,"column":2},"end":{"line":21,"column":4}}},"fnMap":{"0":{"name":"(anonymous_0)","decl":{"start":{"line":16,"column":20},"end":{"line":16,"column":21}},"loc":{"start":{"line":16,"column":26},"end":{"line":22,"column":1}},"line":16}},"branchMap":{},"s":{"0":6,"1":6,"2":22},"f":{"0":22},"b":{},"_coverageSchema":"1a1c01bbd47fc00a2c39e90264f33305004495a9","hash":"bd45c28963d7ed5776481292d4d73249411b7c71"}
,"/home/safiak/SK_ZEMOSOLABS/Training/ReactAssignment/blinkist-TS-app_V7/src/components/atoms/ProgressBar/index.tsx": {"path":"/home/safiak/SK_ZEMOSOLABS/Training/ReactAssignment/blinkist-TS-app_V7/src/components/atoms/ProgressBar/index.tsx","statementMap":{},"fnMap":{},"branchMap":{},"s":{},"f":{},"b":{},"_coverageSchema":"1a1c01bbd47fc00a2c39e90264f33305004495a9","hash":"bd28f317d81e6fcf28dab2792aaf5f08ff72453c"}
,"/home/safiak/SK_ZEMOSOLABS/Training/ReactAssignment/blinkist-TS-app_V7/src/components/atoms/icons/Add/Add.stories.tsx": {"path":"/home/safiak/SK_ZEMOSOLABS/Training/ReactAssignment/blinkist-TS-app_V7/src/components/atoms/icons/Add/Add.stories.tsx","statementMap":{"0":{"start":{"line":9,"column":25},"end":{"line":9,"column":77}},"1":{"start":{"line":9,"column":46},"end":{"line":9,"column":77}},"2":{"start":{"line":11,"column":0},"end":{"line":13,"column":2}}},"fnMap":{"0":{"name":"(anonymous_0)","decl":{"start":{"line":9,"column":25},"end":{"line":9,"column":26}},"loc":{"start":{"line":9,"column":46},"end":{"line":9,"column":77}},"line":9}},"branchMap":{},"s":{"0":0,"1":0,"2":0},"f":{"0":0},"b":{}}
,"/home/safiak/SK_ZEMOSOLABS/Training/ReactAssignment/blinkist-TS-app_V7/src/components/atoms/icons/Add/Add.tsx": {"path":"/home/safiak/SK_ZEMOSOLABS/Training/ReactAssignment/blinkist-TS-app_V7/src/components/atoms/icons/Add/Add.tsx","statementMap":{"0":{"start":{"line":8,"column":12},"end":{"line":23,"column":1}},"1":{"start":{"line":9,"column":2},"end":{"line":22,"column":4}}},"fnMap":{"0":{"name":"(anonymous_0)","decl":{"start":{"line":8,"column":12},"end":{"line":8,"column":13}},"loc":{"start":{"line":8,"column":33},"end":{"line":23,"column":1}},"line":8}},"branchMap":{},"s":{"0":6,"1":36},"f":{"0":36},"b":{},"_coverageSchema":"1a1c01bbd47fc00a2c39e90264f33305004495a9","hash":"8c7bd95fe053f1a9ed079dff7f4c6df47e32e7e3"}
,"/home/safiak/SK_ZEMOSOLABS/Training/ReactAssignment/blinkist-TS-app_V7/src/components/atoms/icons/Add/index.tsx": {"path":"/home/safiak/SK_ZEMOSOLABS/Training/ReactAssignment/blinkist-TS-app_V7/src/components/atoms/icons/Add/index.tsx","statementMap":{},"fnMap":{},"branchMap":{},"s":{},"f":{},"b":{},"_coverageSchema":"1a1c01bbd47fc00a2c39e90264f33305004495a9","hash":"eb2816018c2dd2f08ee8c92e727208d36547fecc"}
,"/home/safiak/SK_ZEMOSOLABS/Training/ReactAssignment/blinkist-TS-app_V7/src/components/atoms/icons/ArrowRight/ArrowRight.stories.tsx": {"path":"/home/safiak/SK_ZEMOSOLABS/Training/ReactAssignment/blinkist-TS-app_V7/src/components/atoms/icons/ArrowRight/ArrowRight.stories.tsx","statementMap":{"0":{"start":{"line":8,"column":25},"end":{"line":8,"column":56}},"1":{"start":{"line":8,"column":31},"end":{"line":8,"column":56}}},"fnMap":{"0":{"name":"(anonymous_0)","decl":{"start":{"line":8,"column":25},"end":{"line":8,"column":26}},"loc":{"start":{"line":8,"column":31},"end":{"line":8,"column":56}},"line":8}},"branchMap":{},"s":{"0":0,"1":0},"f":{"0":0},"b":{}}
,"/home/safiak/SK_ZEMOSOLABS/Training/ReactAssignment/blinkist-TS-app_V7/src/components/atoms/icons/ArrowRight/ArrowRight.tsx": {"path":"/home/safiak/SK_ZEMOSOLABS/Training/ReactAssignment/blinkist-TS-app_V7/src/components/atoms/icons/ArrowRight/ArrowRight.tsx","statementMap":{"0":{"start":{"line":3,"column":19},"end":{"line":18,"column":1}},"1":{"start":{"line":4,"column":2},"end":{"line":17,"column":4}}},"fnMap":{"0":{"name":"(anonymous_0)","decl":{"start":{"line":3,"column":19},"end":{"line":3,"column":20}},"loc":{"start":{"line":3,"column":25},"end":{"line":18,"column":1}},"line":3}},"branchMap":{},"s":{"0":5,"1":16},"f":{"0":16},"b":{},"_coverageSchema":"1a1c01bbd47fc00a2c39e90264f33305004495a9","hash":"1185b78574dcc78ad950b314f08bc58bf7d29d84"}
,"/home/safiak/SK_ZEMOSOLABS/Training/ReactAssignment/blinkist-TS-app_V7/src/components/atoms/icons/ArrowRight/index.tsx": {"path":"/home/safiak/SK_ZEMOSOLABS/Training/ReactAssignment/blinkist-TS-app_V7/src/components/atoms/icons/ArrowRight/index.tsx","statementMap":{},"fnMap":{},"branchMap":{},"s":{},"f":{},"b":{},"_coverageSchema":"1a1c01bbd47fc00a2c39e90264f33305004495a9","hash":"a3a4b84e913b3f19ddeb07733f7159960262574c"}
,"/home/safiak/SK_ZEMOSOLABS/Training/ReactAssignment/blinkist-TS-app_V7/src/components/atoms/icons/BannerIcon/BannerIcon.stories.tsx": {"path":"/home/safiak/SK_ZEMOSOLABS/Training/ReactAssignment/blinkist-TS-app_V7/src/components/atoms/icons/BannerIcon/BannerIcon.stories.tsx","statementMap":{"0":{"start":{"line":8,"column":25},"end":{"line":8,"column":56}},"1":{"start":{"line":8,"column":31},"end":{"line":8,"column":56}}},"fnMap":{"0":{"name":"(anonymous_0)","decl":{"start":{"line":8,"column":25},"end":{"line":8,"column":26}},"loc":{"start":{"line":8,"column":31},"end":{"line":8,"column":56}},"line":8}},"branchMap":{},"s":{"0":0,"1":0},"f":{"0":0},"b":{}}
,"/home/safiak/SK_ZEMOSOLABS/Training/ReactAssignment/blinkist-TS-app_V7/src/components/atoms/icons/BannerIcon/BannerIcon.tsx": {"path":"/home/safiak/SK_ZEMOSOLABS/Training/ReactAssignment/blinkist-TS-app_V7/src/components/atoms/icons/BannerIcon/BannerIcon.tsx","statementMap":{"0":{"start":{"line":3,"column":19},"end":{"line":173,"column":1}},"1":{"start":{"line":4,"column":2},"end":{"line":172,"column":4}}},"fnMap":{"0":{"name":"(anonymous_0)","decl":{"start":{"line":3,"column":19},"end":{"line":3,"column":20}},"loc":{"start":{"line":3,"column":25},"end":{"line":173,"column":1}},"line":3}},"branchMap":{},"s":{"0":6,"1":11},"f":{"0":11},"b":{},"_coverageSchema":"1a1c01bbd47fc00a2c39e90264f33305004495a9","hash":"f478f7791ce64968b5b77f27cf098990c7bd8a89"}
,"/home/safiak/SK_ZEMOSOLABS/Training/ReactAssignment/blinkist-TS-app_V7/src/components/atoms/icons/BannerIcon/index.tsx": {"path":"/home/safiak/SK_ZEMOSOLABS/Training/ReactAssignment/blinkist-TS-app_V7/src/components/atoms/icons/BannerIcon/index.tsx","statementMap":{},"fnMap":{},"branchMap":{},"s":{},"f":{},"b":{},"_coverageSchema":"1a1c01bbd47fc00a2c39e90264f33305004495a9","hash":"5b4c748a889e9d8f047a6f122d556dfbf04f014b"}
,"/home/safiak/SK_ZEMOSOLABS/Training/ReactAssignment/blinkist-TS-app_V7/src/components/atoms/icons/Building/Building.stories.tsx": {"path":"/home/safiak/SK_ZEMOSOLABS/Training/ReactAssignment/blinkist-TS-app_V7/src/components/atoms/icons/Building/Building.stories.tsx","statementMap":{"0":{"start":{"line":8,"column":25},"end":{"line":8,"column":52}},"1":{"start":{"line":8,"column":31},"end":{"line":8,"column":52}}},"fnMap":{"0":{"name":"(anonymous_0)","decl":{"start":{"line":8,"column":25},"end":{"line":8,"column":26}},"loc":{"start":{"line":8,"column":31},"end":{"line":8,"column":52}},"line":8}},"branchMap":{},"s":{"0":0,"1":0},"f":{"0":0},"b":{}}
,"/home/safiak/SK_ZEMOSOLABS/Training/ReactAssignment/blinkist-TS-app_V7/src/components/atoms/icons/Building/Building.tsx": {"path":"/home/safiak/SK_ZEMOSOLABS/Training/ReactAssignment/blinkist-TS-app_V7/src/components/atoms/icons/Building/Building.tsx","statementMap":{"0":{"start":{"line":4,"column":17},"end":{"line":19,"column":1}},"1":{"start":{"line":5,"column":2},"end":{"line":18,"column":4}}},"fnMap":{"0":{"name":"(anonymous_0)","decl":{"start":{"line":4,"column":17},"end":{"line":4,"column":18}},"loc":{"start":{"line":4,"column":23},"end":{"line":19,"column":1}},"line":4}},"branchMap":{},"s":{"0":7,"1":15},"f":{"0":15},"b":{},"_coverageSchema":"1a1c01bbd47fc00a2c39e90264f33305004495a9","hash":"ee9008b66e8d162323a3039ddf511d2e00e846d3"}
,"/home/safiak/SK_ZEMOSOLABS/Training/ReactAssignment/blinkist-TS-app_V7/src/components/atoms/icons/Building/index.tsx": {"path":"/home/safiak/SK_ZEMOSOLABS/Training/ReactAssignment/blinkist-TS-app_V7/src/components/atoms/icons/Building/index.tsx","statementMap":{},"fnMap":{},"branchMap":{},"s":{},"f":{},"b":{}}
,"/home/safiak/SK_ZEMOSOLABS/Training/ReactAssignment/blinkist-TS-app_V7/src/components/atoms/icons/CaretDown/CaretDown.stories.tsx": {"path":"/home/safiak/SK_ZEMOSOLABS/Training/ReactAssignment/blinkist-TS-app_V7/src/components/atoms/icons/CaretDown/CaretDown.stories.tsx","statementMap":{"0":{"start":{"line":8,"column":25},"end":{"line":8,"column":54}},"1":{"start":{"line":8,"column":31},"end":{"line":8,"column":54}}},"fnMap":{"0":{"name":"(anonymous_0)","decl":{"start":{"line":8,"column":25},"end":{"line":8,"column":26}},"loc":{"start":{"line":8,"column":31},"end":{"line":8,"column":54}},"line":8}},"branchMap":{},"s":{"0":0,"1":0},"f":{"0":0},"b":{}}
,"/home/safiak/SK_ZEMOSOLABS/Training/ReactAssignment/blinkist-TS-app_V7/src/components/atoms/icons/CaretDown/CaretDown.tsx": {"path":"/home/safiak/SK_ZEMOSOLABS/Training/ReactAssignment/blinkist-TS-app_V7/src/components/atoms/icons/CaretDown/CaretDown.tsx","statementMap":{"0":{"start":{"line":3,"column":18},"end":{"line":18,"column":1}},"1":{"start":{"line":4,"column":2},"end":{"line":17,"column":4}}},"fnMap":{"0":{"name":"(anonymous_0)","decl":{"start":{"line":3,"column":18},"end":{"line":3,"column":19}},"loc":{"start":{"line":3,"column":24},"end":{"line":18,"column":1}},"line":3}},"branchMap":{},"s":{"0":6,"1":18},"f":{"0":18},"b":{},"_coverageSchema":"1a1c01bbd47fc00a2c39e90264f33305004495a9","hash":"d8c1824edcc8e2cac2d2f9ef74b97e08a50a2570"}
,"/home/safiak/SK_ZEMOSOLABS/Training/ReactAssignment/blinkist-TS-app_V7/src/components/atoms/icons/CaretDown/index.tsx": {"path":"/home/safiak/SK_ZEMOSOLABS/Training/ReactAssignment/blinkist-TS-app_V7/src/components/atoms/icons/CaretDown/index.tsx","statementMap":{},"fnMap":{},"branchMap":{},"s":{},"f":{},"b":{},"_coverageSchema":"1a1c01bbd47fc00a2c39e90264f33305004495a9","hash":"b06f1514db5fd3dd8995e9a89441c7d41563e7a5"}
,"/home/safiak/SK_ZEMOSOLABS/Training/ReactAssignment/blinkist-TS-app_V7/src/components/atoms/icons/Carrier/Carrier.stories.tsx": {"path":"/home/safiak/SK_ZEMOSOLABS/Training/ReactAssignment/blinkist-TS-app_V7/src/components/atoms/icons/Carrier/Carrier.stories.tsx","statementMap":{"0":{"start":{"line":8,"column":25},"end":{"line":8,"column":50}},"1":{"start":{"line":8,"column":31},"end":{"line":8,"column":50}}},"fnMap":{"0":{"name":"(anonymous_0)","decl":{"start":{"line":8,"column":25},"end":{"line":8,"column":26}},"loc":{"start":{"line":8,"column":31},"end":{"line":8,"column":50}},"line":8}},"branchMap":{},"s":{"0":0,"1":0},"f":{"0":0},"b":{}}
,"/home/safiak/SK_ZEMOSOLABS/Training/ReactAssignment/blinkist-TS-app_V7/src/components/atoms/icons/Carrier/Carrier.tsx": {"path":"/home/safiak/SK_ZEMOSOLABS/Training/ReactAssignment/blinkist-TS-app_V7/src/components/atoms/icons/Carrier/Carrier.tsx","statementMap":{"0":{"start":{"line":4,"column":16},"end":{"line":17,"column":1}},"1":{"start":{"line":5,"column":2},"end":{"line":16,"column":8}}},"fnMap":{"0":{"name":"(anonymous_0)","decl":{"start":{"line":4,"column":16},"end":{"line":4,"column":17}},"loc":{"start":{"line":5,"column":2},"end":{"line":16,"column":8}},"line":5}},"branchMap":{},"s":{"0":7,"1":15},"f":{"0":15},"b":{},"_coverageSchema":"1a1c01bbd47fc00a2c39e90264f33305004495a9","hash":"74d459877c232a28e3ecb277d9b9eeaf091490bd"}
,"/home/safiak/SK_ZEMOSOLABS/Training/ReactAssignment/blinkist-TS-app_V7/src/components/atoms/icons/Carrier/index.tsx": {"path":"/home/safiak/SK_ZEMOSOLABS/Training/ReactAssignment/blinkist-TS-app_V7/src/components/atoms/icons/Carrier/index.tsx","statementMap":{},"fnMap":{},"branchMap":{},"s":{},"f":{},"b":{},"_coverageSchema":"1a1c01bbd47fc00a2c39e90264f33305004495a9","hash":"92c8a11c98065197f2247e94448232d917f83cc4"}
,"/home/safiak/SK_ZEMOSOLABS/Training/ReactAssignment/blinkist-TS-app_V7/src/components/atoms/icons/Communication/Communication.stories.tsx": {"path":"/home/safiak/SK_ZEMOSOLABS/Training/ReactAssignment/blinkist-TS-app_V7/src/components/atoms/icons/Communication/Communication.stories.tsx","statementMap":{"0":{"start":{"line":8,"column":25},"end":{"line":8,"column":62}},"1":{"start":{"line":8,"column":31},"end":{"line":8,"column":62}}},"fnMap":{"0":{"name":"(anonymous_0)","decl":{"start":{"line":8,"column":25},"end":{"line":8,"column":26}},"loc":{"start":{"line":8,"column":31},"end":{"line":8,"column":62}},"line":8}},"branchMap":{},"s":{"0":0,"1":0},"f":{"0":0},"b":{}}
,"/home/safiak/SK_ZEMOSOLABS/Training/ReactAssignment/blinkist-TS-app_V7/src/components/atoms/icons/Communication/Communication.tsx": {"path":"/home/safiak/SK_ZEMOSOLABS/Training/ReactAssignment/blinkist-TS-app_V7/src/components/atoms/icons/Communication/Communication.tsx","statementMap":{"0":{"start":{"line":4,"column":22},"end":{"line":17,"column":1}},"1":{"start":{"line":5,"column":2},"end":{"line":16,"column":8}}},"fnMap":{"0":{"name":"(anonymous_0)","decl":{"start":{"line":4,"column":22},"end":{"line":4,"column":23}},"loc":{"start":{"line":5,"column":2},"end":{"line":16,"column":8}},"line":5}},"branchMap":{},"s":{"0":7,"1":15},"f":{"0":15},"b":{},"_coverageSchema":"1a1c01bbd47fc00a2c39e90264f33305004495a9","hash":"2088c5f786f98444d53ce6797105320ebb7f0822"}
,"/home/safiak/SK_ZEMOSOLABS/Training/ReactAssignment/blinkist-TS-app_V7/src/components/atoms/icons/Communication/index.tsx": {"path":"/home/safiak/SK_ZEMOSOLABS/Training/ReactAssignment/blinkist-TS-app_V7/src/components/atoms/icons/Communication/index.tsx","statementMap":{},"fnMap":{},"branchMap":{},"s":{},"f":{},"b":{},"_coverageSchema":"1a1c01bbd47fc00a2c39e90264f33305004495a9","hash":"d428e417610c2db31ff2787918fa426eafaafcaa"}
,"/home/safiak/SK_ZEMOSOLABS/Training/ReactAssignment/blinkist-TS-app_V7/src/components/atoms/icons/Corporate/Corporate.stories.tsx": {"path":"/home/safiak/SK_ZEMOSOLABS/Training/ReactAssignment/blinkist-TS-app_V7/src/components/atoms/icons/Corporate/Corporate.stories.tsx","statementMap":{"0":{"start":{"line":8,"column":25},"end":{"line":8,"column":54}},"1":{"start":{"line":8,"column":31},"end":{"line":8,"column":54}}},"fnMap":{"0":{"name":"(anonymous_0)","decl":{"start":{"line":8,"column":25},"end":{"line":8,"column":26}},"loc":{"start":{"line":8,"column":31},"end":{"line":8,"column":54}},"line":8}},"branchMap":{},"s":{"0":0,"1":0},"f":{"0":0},"b":{}}
,"/home/safiak/SK_ZEMOSOLABS/Training/ReactAssignment/blinkist-TS-app_V7/src/components/atoms/icons/Corporate/Corporate.tsx": {"path":"/home/safiak/SK_ZEMOSOLABS/Training/ReactAssignment/blinkist-TS-app_V7/src/components/atoms/icons/Corporate/Corporate.tsx","statementMap":{"0":{"start":{"line":4,"column":18},"end":{"line":17,"column":1}},"1":{"start":{"line":5,"column":2},"end":{"line":16,"column":8}}},"fnMap":{"0":{"name":"(anonymous_0)","decl":{"start":{"line":4,"column":18},"end":{"line":4,"column":19}},"loc":{"start":{"line":5,"column":2},"end":{"line":16,"column":8}},"line":5}},"branchMap":{},"s":{"0":7,"1":15},"f":{"0":15},"b":{},"_coverageSchema":"1a1c01bbd47fc00a2c39e90264f33305004495a9","hash":"70116b4780a89f745d9d0173f7053c467e17e729"}
,"/home/safiak/SK_ZEMOSOLABS/Training/ReactAssignment/blinkist-TS-app_V7/src/components/atoms/icons/Corporate/index.tsx": {"path":"/home/safiak/SK_ZEMOSOLABS/Training/ReactAssignment/blinkist-TS-app_V7/src/components/atoms/icons/Corporate/index.tsx","statementMap":{},"fnMap":{},"branchMap":{},"s":{},"f":{},"b":{},"_coverageSchema":"1a1c01bbd47fc00a2c39e90264f33305004495a9","hash":"e5871275da57b177278996077afc3f992380dbf6"}
,"/home/safiak/SK_ZEMOSOLABS/Training/ReactAssignment/blinkist-TS-app_V7/src/components/atoms/icons/Dots/Dots.stories.tsx": {"path":"/home/safiak/SK_ZEMOSOLABS/Training/ReactAssignment/blinkist-TS-app_V7/src/components/atoms/icons/Dots/Dots.stories.tsx","statementMap":{"0":{"start":{"line":8,"column":25},"end":{"line":8,"column":44}},"1":{"start":{"line":8,"column":31},"end":{"line":8,"column":44}}},"fnMap":{"0":{"name":"(anonymous_0)","decl":{"start":{"line":8,"column":25},"end":{"line":8,"column":26}},"loc":{"start":{"line":8,"column":31},"end":{"line":8,"column":44}},"line":8}},"branchMap":{},"s":{"0":0,"1":0},"f":{"0":0},"b":{}}
,"/home/safiak/SK_ZEMOSOLABS/Training/ReactAssignment/blinkist-TS-app_V7/src/components/atoms/icons/Dots/Dots.tsx": {"path":"/home/safiak/SK_ZEMOSOLABS/Training/ReactAssignment/blinkist-TS-app_V7/src/components/atoms/icons/Dots/Dots.tsx","statementMap":{"0":{"start":{"line":3,"column":13},"end":{"line":18,"column":1}},"1":{"start":{"line":4,"column":2},"end":{"line":17,"column":4}}},"fnMap":{"0":{"name":"(anonymous_0)","decl":{"start":{"line":3,"column":13},"end":{"line":3,"column":14}},"loc":{"start":{"line":3,"column":19},"end":{"line":18,"column":1}},"line":3}},"branchMap":{},"s":{"0":1,"1":0},"f":{"0":0},"b":{},"_coverageSchema":"1a1c01bbd47fc00a2c39e90264f33305004495a9","hash":"ee5581128c7c586a7a19231bcd4dd860dee345af"}
,"/home/safiak/SK_ZEMOSOLABS/Training/ReactAssignment/blinkist-TS-app_V7/src/components/atoms/icons/Dots/index.tsx": {"path":"/home/safiak/SK_ZEMOSOLABS/Training/ReactAssignment/blinkist-TS-app_V7/src/components/atoms/icons/Dots/index.tsx","statementMap":{},"fnMap":{},"branchMap":{},"s":{},"f":{},"b":{}}
,"/home/safiak/SK_ZEMOSOLABS/Training/ReactAssignment/blinkist-TS-app_V7/src/components/atoms/icons/Economics/Economics.stories.tsx": {"path":"/home/safiak/SK_ZEMOSOLABS/Training/ReactAssignment/blinkist-TS-app_V7/src/components/atoms/icons/Economics/Economics.stories.tsx","statementMap":{"0":{"start":{"line":8,"column":25},"end":{"line":8,"column":54}},"1":{"start":{"line":8,"column":31},"end":{"line":8,"column":54}}},"fnMap":{"0":{"name":"(anonymous_0)","decl":{"start":{"line":8,"column":25},"end":{"line":8,"column":26}},"loc":{"start":{"line":8,"column":31},"end":{"line":8,"column":54}},"line":8}},"branchMap":{},"s":{"0":0,"1":0},"f":{"0":0},"b":{}}
,"/home/safiak/SK_ZEMOSOLABS/Training/ReactAssignment/blinkist-TS-app_V7/src/components/atoms/icons/Economics/Economics.tsx": {"path":"/home/safiak/SK_ZEMOSOLABS/Training/ReactAssignment/blinkist-TS-app_V7/src/components/atoms/icons/Economics/Economics.tsx","statementMap":{"0":{"start":{"line":4,"column":18},"end":{"line":17,"column":1}},"1":{"start":{"line":5,"column":2},"end":{"line":16,"column":8}}},"fnMap":{"0":{"name":"(anonymous_0)","decl":{"start":{"line":4,"column":18},"end":{"line":4,"column":19}},"loc":{"start":{"line":5,"column":2},"end":{"line":16,"column":8}},"line":5}},"branchMap":{},"s":{"0":7,"1":15},"f":{"0":15},"b":{},"_coverageSchema":"1a1c01bbd47fc00a2c39e90264f33305004495a9","hash":"a12604b51ae984e6036ea04d7f5fac679a7f6b2c"}
,"/home/safiak/SK_ZEMOSOLABS/Training/ReactAssignment/blinkist-TS-app_V7/src/components/atoms/icons/Economics/index.tsx": {"path":"/home/safiak/SK_ZEMOSOLABS/Training/ReactAssignment/blinkist-TS-app_V7/src/components/atoms/icons/Economics/index.tsx","statementMap":{},"fnMap":{},"branchMap":{},"s":{},"f":{},"b":{},"_coverageSchema":"1a1c01bbd47fc00a2c39e90264f33305004495a9","hash":"87b34577ce2009bbfd5a489031c0e5e795eb5470"}
,"/home/safiak/SK_ZEMOSOLABS/Training/ReactAssignment/blinkist-TS-app_V7/src/components/atoms/icons/Education/Education.stories.tsx": {"path":"/home/safiak/SK_ZEMOSOLABS/Training/ReactAssignment/blinkist-TS-app_V7/src/components/atoms/icons/Education/Education.stories.tsx","statementMap":{"0":{"start":{"line":8,"column":25},"end":{"line":8,"column":54}},"1":{"start":{"line":8,"column":31},"end":{"line":8,"column":54}}},"fnMap":{"0":{"name":"(anonymous_0)","decl":{"start":{"line":8,"column":25},"end":{"line":8,"column":26}},"loc":{"start":{"line":8,"column":31},"end":{"line":8,"column":54}},"line":8}},"branchMap":{},"s":{"0":0,"1":0},"f":{"0":0},"b":{}}
,"/home/safiak/SK_ZEMOSOLABS/Training/ReactAssignment/blinkist-TS-app_V7/src/components/atoms/icons/Education/Education.tsx": {"path":"/home/safiak/SK_ZEMOSOLABS/Training/ReactAssignment/blinkist-TS-app_V7/src/components/atoms/icons/Education/Education.tsx","statementMap":{"0":{"start":{"line":4,"column":18},"end":{"line":17,"column":1}},"1":{"start":{"line":5,"column":2},"end":{"line":16,"column":8}}},"fnMap":{"0":{"name":"(anonymous_0)","decl":{"start":{"line":4,"column":18},"end":{"line":4,"column":19}},"loc":{"start":{"line":5,"column":2},"end":{"line":16,"column":8}},"line":5}},"branchMap":{},"s":{"0":7,"1":15},"f":{"0":15},"b":{},"_coverageSchema":"1a1c01bbd47fc00a2c39e90264f33305004495a9","hash":"1a29b7dde404431039d478664b70c6d66fb7fc2e"}
,"/home/safiak/SK_ZEMOSOLABS/Training/ReactAssignment/blinkist-TS-app_V7/src/components/atoms/icons/Education/index.tsx": {"path":"/home/safiak/SK_ZEMOSOLABS/Training/ReactAssignment/blinkist-TS-app_V7/src/components/atoms/icons/Education/index.tsx","statementMap":{},"fnMap":{},"branchMap":{},"s":{},"f":{},"b":{},"_coverageSchema":"1a1c01bbd47fc00a2c39e90264f33305004495a9","hash":"9bc0c832932df9c7548ff5ee62acb7ef472ca2b3"}
,"/home/safiak/SK_ZEMOSOLABS/Training/ReactAssignment/blinkist-TS-app_V7/src/components/atoms/icons/Ellipse/Ellipse.stories.tsx": {"path":"/home/safiak/SK_ZEMOSOLABS/Training/ReactAssignment/blinkist-TS-app_V7/src/components/atoms/icons/Ellipse/Ellipse.stories.tsx","statementMap":{"0":{"start":{"line":8,"column":25},"end":{"line":8,"column":50}},"1":{"start":{"line":8,"column":31},"end":{"line":8,"column":50}}},"fnMap":{"0":{"name":"(anonymous_0)","decl":{"start":{"line":8,"column":25},"end":{"line":8,"column":26}},"loc":{"start":{"line":8,"column":31},"end":{"line":8,"column":50}},"line":8}},"branchMap":{},"s":{"0":0,"1":0},"f":{"0":0},"b":{}}
,"/home/safiak/SK_ZEMOSOLABS/Training/ReactAssignment/blinkist-TS-app_V7/src/components/atoms/icons/Ellipse/Ellipse.tsx": {"path":"/home/safiak/SK_ZEMOSOLABS/Training/ReactAssignment/blinkist-TS-app_V7/src/components/atoms/icons/Ellipse/Ellipse.tsx","statementMap":{"0":{"start":{"line":3,"column":16},"end":{"line":15,"column":1}},"1":{"start":{"line":4,"column":2},"end":{"line":14,"column":4}}},"fnMap":{"0":{"name":"(anonymous_0)","decl":{"start":{"line":3,"column":16},"end":{"line":3,"column":17}},"loc":{"start":{"line":3,"column":22},"end":{"line":15,"column":1}},"line":3}},"branchMap":{},"s":{"0":6,"1":9},"f":{"0":9},"b":{},"_coverageSchema":"1a1c01bbd47fc00a2c39e90264f33305004495a9","hash":"7bd09eedf16276833d4d7ec484c13d3cada6e17f"}
,"/home/safiak/SK_ZEMOSOLABS/Training/ReactAssignment/blinkist-TS-app_V7/src/components/atoms/icons/Ellipse/index.tsx": {"path":"/home/safiak/SK_ZEMOSOLABS/Training/ReactAssignment/blinkist-TS-app_V7/src/components/atoms/icons/Ellipse/index.tsx","statementMap":{},"fnMap":{},"branchMap":{},"s":{},"f":{},"b":{},"_coverageSchema":"1a1c01bbd47fc00a2c39e90264f33305004495a9","hash":"caa4e302145bac66c33d028c38d52604ef57fb89"}
,"/home/safiak/SK_ZEMOSOLABS/Training/ReactAssignment/blinkist-TS-app_V7/src/components/atoms/icons/Entrepreneurship/Entrepreneurship.stories.tsx": {"path":"/home/safiak/SK_ZEMOSOLABS/Training/ReactAssignment/blinkist-TS-app_V7/src/components/atoms/icons/Entrepreneurship/Entrepreneurship.stories.tsx","statementMap":{"0":{"start":{"line":8,"column":25},"end":{"line":8,"column":68}},"1":{"start":{"line":8,"column":31},"end":{"line":8,"column":68}}},"fnMap":{"0":{"name":"(anonymous_0)","decl":{"start":{"line":8,"column":25},"end":{"line":8,"column":26}},"loc":{"start":{"line":8,"column":31},"end":{"line":8,"column":68}},"line":8}},"branchMap":{},"s":{"0":0,"1":0},"f":{"0":0},"b":{}}
,"/home/safiak/SK_ZEMOSOLABS/Training/ReactAssignment/blinkist-TS-app_V7/src/components/atoms/icons/Entrepreneurship/Entrepreneurship.tsx": {"path":"/home/safiak/SK_ZEMOSOLABS/Training/ReactAssignment/blinkist-TS-app_V7/src/components/atoms/icons/Entrepreneurship/Entrepreneurship.tsx","statementMap":{"0":{"start":{"line":4,"column":25},"end":{"line":19,"column":1}},"1":{"start":{"line":5,"column":2},"end":{"line":18,"column":4}}},"fnMap":{"0":{"name":"(anonymous_0)","decl":{"start":{"line":4,"column":25},"end":{"line":4,"column":26}},"loc":{"start":{"line":4,"column":31},"end":{"line":19,"column":1}},"line":4}},"branchMap":{},"s":{"0":8,"1":16},"f":{"0":16},"b":{},"_coverageSchema":"1a1c01bbd47fc00a2c39e90264f33305004495a9","hash":"dc74f1e39eab2b4a724f1edb59c51d01c8dcf527"}
,"/home/safiak/SK_ZEMOSOLABS/Training/ReactAssignment/blinkist-TS-app_V7/src/components/atoms/icons/Entrepreneurship/index.tsx": {"path":"/home/safiak/SK_ZEMOSOLABS/Training/ReactAssignment/blinkist-TS-app_V7/src/components/atoms/icons/Entrepreneurship/index.tsx","statementMap":{},"fnMap":{},"branchMap":{},"s":{},"f":{},"b":{},"_coverageSchema":"1a1c01bbd47fc00a2c39e90264f33305004495a9","hash":"07528e09d105e26ad8200e3ac95cd829fc74c8b9"}
,"/home/safiak/SK_ZEMOSOLABS/Training/ReactAssignment/blinkist-TS-app_V7/src/components/atoms/icons/Flask/Flask.stories.tsx": {"path":"/home/safiak/SK_ZEMOSOLABS/Training/ReactAssignment/blinkist-TS-app_V7/src/components/atoms/icons/Flask/Flask.stories.tsx","statementMap":{"0":{"start":{"line":8,"column":25},"end":{"line":8,"column":46}},"1":{"start":{"line":8,"column":31},"end":{"line":8,"column":46}}},"fnMap":{"0":{"name":"(anonymous_0)","decl":{"start":{"line":8,"column":25},"end":{"line":8,"column":26}},"loc":{"start":{"line":8,"column":31},"end":{"line":8,"column":46}},"line":8}},"branchMap":{},"s":{"0":0,"1":0},"f":{"0":0},"b":{}}
,"/home/safiak/SK_ZEMOSOLABS/Training/ReactAssignment/blinkist-TS-app_V7/src/components/atoms/icons/Flask/Flask.tsx": {"path":"/home/safiak/SK_ZEMOSOLABS/Training/ReactAssignment/blinkist-TS-app_V7/src/components/atoms/icons/Flask/Flask.tsx","statementMap":{"0":{"start":{"line":4,"column":14},"end":{"line":19,"column":1}},"1":{"start":{"line":5,"column":2},"end":{"line":18,"column":4}}},"fnMap":{"0":{"name":"(anonymous_0)","decl":{"start":{"line":4,"column":14},"end":{"line":4,"column":15}},"loc":{"start":{"line":4,"column":20},"end":{"line":19,"column":1}},"line":4}},"branchMap":{},"s":{"0":7,"1":15},"f":{"0":15},"b":{},"_coverageSchema":"1a1c01bbd47fc00a2c39e90264f33305004495a9","hash":"eafb86d496a1e35c2b38d02ccc0b200189bf52c5"}
,"/home/safiak/SK_ZEMOSOLABS/Training/ReactAssignment/blinkist-TS-app_V7/src/components/atoms/icons/Flask/index.tsx": {"path":"/home/safiak/SK_ZEMOSOLABS/Training/ReactAssignment/blinkist-TS-app_V7/src/components/atoms/icons/Flask/index.tsx","statementMap":{},"fnMap":{},"branchMap":{},"s":{},"f":{},"b":{}}
,"/home/safiak/SK_ZEMOSOLABS/Training/ReactAssignment/blinkist-TS-app_V7/src/components/atoms/icons/Health/Health.stories.tsx": {"path":"/home/safiak/SK_ZEMOSOLABS/Training/ReactAssignment/blinkist-TS-app_V7/src/components/atoms/icons/Health/Health.stories.tsx","statementMap":{"0":{"start":{"line":8,"column":25},"end":{"line":8,"column":48}},"1":{"start":{"line":8,"column":31},"end":{"line":8,"column":48}}},"fnMap":{"0":{"name":"(anonymous_0)","decl":{"start":{"line":8,"column":25},"end":{"line":8,"column":26}},"loc":{"start":{"line":8,"column":31},"end":{"line":8,"column":48}},"line":8}},"branchMap":{},"s":{"0":0,"1":0},"f":{"0":0},"b":{}}
,"/home/safiak/SK_ZEMOSOLABS/Training/ReactAssignment/blinkist-TS-app_V7/src/components/atoms/icons/Health/Health.tsx": {"path":"/home/safiak/SK_ZEMOSOLABS/Training/ReactAssignment/blinkist-TS-app_V7/src/components/atoms/icons/Health/Health.tsx","statementMap":{"0":{"start":{"line":4,"column":15},"end":{"line":17,"column":1}},"1":{"start":{"line":5,"column":2},"end":{"line":16,"column":8}}},"fnMap":{"0":{"name":"(anonymous_0)","decl":{"start":{"line":4,"column":15},"end":{"line":4,"column":16}},"loc":{"start":{"line":5,"column":2},"end":{"line":16,"column":8}},"line":5}},"branchMap":{},"s":{"0":7,"1":15},"f":{"0":15},"b":{},"_coverageSchema":"1a1c01bbd47fc00a2c39e90264f33305004495a9","hash":"1bc9d97af5285eec73a138abf142b30edc58e804"}
,"/home/safiak/SK_ZEMOSOLABS/Training/ReactAssignment/blinkist-TS-app_V7/src/components/atoms/icons/Health/index.tsx": {"path":"/home/safiak/SK_ZEMOSOLABS/Training/ReactAssignment/blinkist-TS-app_V7/src/components/atoms/icons/Health/index.tsx","statementMap":{},"fnMap":{},"branchMap":{},"s":{},"f":{},"b":{},"_coverageSchema":"1a1c01bbd47fc00a2c39e90264f33305004495a9","hash":"2ee8d5b8e9cabe8b0ff4aeab55ee3b5bdf3a27f0"}
,"/home/safiak/SK_ZEMOSOLABS/Training/ReactAssignment/blinkist-TS-app_V7/src/components/atoms/icons/History/History.stories.tsx": {"path":"/home/safiak/SK_ZEMOSOLABS/Training/ReactAssignment/blinkist-TS-app_V7/src/components/atoms/icons/History/History.stories.tsx","statementMap":{"0":{"start":{"line":8,"column":25},"end":{"line":8,"column":50}},"1":{"start":{"line":8,"column":31},"end":{"line":8,"column":50}}},"fnMap":{"0":{"name":"(anonymous_0)","decl":{"start":{"line":8,"column":25},"end":{"line":8,"column":26}},"loc":{"start":{"line":8,"column":31},"end":{"line":8,"column":50}},"line":8}},"branchMap":{},"s":{"0":0,"1":0},"f":{"0":0},"b":{}}
,"/home/safiak/SK_ZEMOSOLABS/Training/ReactAssignment/blinkist-TS-app_V7/src/components/atoms/icons/History/History.tsx": {"path":"/home/safiak/SK_ZEMOSOLABS/Training/ReactAssignment/blinkist-TS-app_V7/src/components/atoms/icons/History/History.tsx","statementMap":{"0":{"start":{"line":4,"column":16},"end":{"line":17,"column":1}},"1":{"start":{"line":5,"column":2},"end":{"line":16,"column":8}}},"fnMap":{"0":{"name":"(anonymous_0)","decl":{"start":{"line":4,"column":16},"end":{"line":4,"column":17}},"loc":{"start":{"line":5,"column":2},"end":{"line":16,"column":8}},"line":5}},"branchMap":{},"s":{"0":7,"1":15},"f":{"0":15},"b":{},"_coverageSchema":"1a1c01bbd47fc00a2c39e90264f33305004495a9","hash":"bfd3c71660428f6b55ed7ffa2b11e9750959fdb5"}
,"/home/safiak/SK_ZEMOSOLABS/Training/ReactAssignment/blinkist-TS-app_V7/src/components/atoms/icons/History/index.tsx": {"path":"/home/safiak/SK_ZEMOSOLABS/Training/ReactAssignment/blinkist-TS-app_V7/src/components/atoms/icons/History/index.tsx","statementMap":{},"fnMap":{},"branchMap":{},"s":{},"f":{},"b":{},"_coverageSchema":"1a1c01bbd47fc00a2c39e90264f33305004495a9","hash":"76d1d16f5c65d8aab91cfb72b501dd93b41c3f89"}
,"/home/safiak/SK_ZEMOSOLABS/Training/ReactAssignment/blinkist-TS-app_V7/src/components/atoms/icons/Money/Money.stories.tsx": {"path":"/home/safiak/SK_ZEMOSOLABS/Training/ReactAssignment/blinkist-TS-app_V7/src/components/atoms/icons/Money/Money.stories.tsx","statementMap":{"0":{"start":{"line":8,"column":25},"end":{"line":8,"column":46}},"1":{"start":{"line":8,"column":31},"end":{"line":8,"column":46}}},"fnMap":{"0":{"name":"(anonymous_0)","decl":{"start":{"line":8,"column":25},"end":{"line":8,"column":26}},"loc":{"start":{"line":8,"column":31},"end":{"line":8,"column":46}},"line":8}},"branchMap":{},"s":{"0":0,"1":0},"f":{"0":0},"b":{}}
,"/home/safiak/SK_ZEMOSOLABS/Training/ReactAssignment/blinkist-TS-app_V7/src/components/atoms/icons/Money/Money.tsx": {"path":"/home/safiak/SK_ZEMOSOLABS/Training/ReactAssignment/blinkist-TS-app_V7/src/components/atoms/icons/Money/Money.tsx","statementMap":{"0":{"start":{"line":4,"column":14},"end":{"line":17,"column":1}},"1":{"start":{"line":5,"column":2},"end":{"line":16,"column":8}}},"fnMap":{"0":{"name":"(anonymous_0)","decl":{"start":{"line":4,"column":14},"end":{"line":4,"column":15}},"loc":{"start":{"line":5,"column":2},"end":{"line":16,"column":8}},"line":5}},"branchMap":{},"s":{"0":7,"1":15},"f":{"0":15},"b":{},"_coverageSchema":"1a1c01bbd47fc00a2c39e90264f33305004495a9","hash":"80a96c0a8760866929c589f9cdb0a5d0d1f0e899"}
,"/home/safiak/SK_ZEMOSOLABS/Training/ReactAssignment/blinkist-TS-app_V7/src/components/atoms/icons/Money/index.tsx": {"path":"/home/safiak/SK_ZEMOSOLABS/Training/ReactAssignment/blinkist-TS-app_V7/src/components/atoms/icons/Money/index.tsx","statementMap":{},"fnMap":{},"branchMap":{},"s":{},"f":{},"b":{},"_coverageSchema":"1a1c01bbd47fc00a2c39e90264f33305004495a9","hash":"7632ad8a849b690add5cdef163fc31229f0dab03"}
,"/home/safiak/SK_ZEMOSOLABS/Training/ReactAssignment/blinkist-TS-app_V7/src/components/atoms/icons/Motivation/Motivation.stories.tsx": {"path":"/home/safiak/SK_ZEMOSOLABS/Training/ReactAssignment/blinkist-TS-app_V7/src/components/atoms/icons/Motivation/Motivation.stories.tsx","statementMap":{"0":{"start":{"line":8,"column":25},"end":{"line":8,"column":56}},"1":{"start":{"line":8,"column":31},"end":{"line":8,"column":56}}},"fnMap":{"0":{"name":"(anonymous_0)","decl":{"start":{"line":8,"column":25},"end":{"line":8,"column":26}},"loc":{"start":{"line":8,"column":31},"end":{"line":8,"column":56}},"line":8}},"branchMap":{},"s":{"0":0,"1":0},"f":{"0":0},"b":{}}
,"/home/safiak/SK_ZEMOSOLABS/Training/ReactAssignment/blinkist-TS-app_V7/src/components/atoms/icons/Motivation/Motivation.tsx": {"path":"/home/safiak/SK_ZEMOSOLABS/Training/ReactAssignment/blinkist-TS-app_V7/src/components/atoms/icons/Motivation/Motivation.tsx","statementMap":{"0":{"start":{"line":4,"column":19},"end":{"line":17,"column":1}},"1":{"start":{"line":5,"column":2},"end":{"line":16,"column":8}}},"fnMap":{"0":{"name":"(anonymous_0)","decl":{"start":{"line":4,"column":19},"end":{"line":4,"column":20}},"loc":{"start":{"line":5,"column":2},"end":{"line":16,"column":8}},"line":5}},"branchMap":{},"s":{"0":7,"1":15},"f":{"0":15},"b":{},"_coverageSchema":"1a1c01bbd47fc00a2c39e90264f33305004495a9","hash":"4ca1ea9b8d6cbd96bbb605c8f649803dea690dff"}
,"/home/safiak/SK_ZEMOSOLABS/Training/ReactAssignment/blinkist-TS-app_V7/src/components/atoms/icons/Motivation/index.tsx": {"path":"/home/safiak/SK_ZEMOSOLABS/Training/ReactAssignment/blinkist-TS-app_V7/src/components/atoms/icons/Motivation/index.tsx","statementMap":{},"fnMap":{},"branchMap":{},"s":{},"f":{},"b":{},"_coverageSchema":"1a1c01bbd47fc00a2c39e90264f33305004495a9","hash":"c504da96d82980d98d458b8b499db9eaec2c5323"}
,"/home/safiak/SK_ZEMOSOLABS/Training/ReactAssignment/blinkist-TS-app_V7/src/components/atoms/icons/Nature/Nature.stories.tsx": {"path":"/home/safiak/SK_ZEMOSOLABS/Training/ReactAssignment/blinkist-TS-app_V7/src/components/atoms/icons/Nature/Nature.stories.tsx","statementMap":{"0":{"start":{"line":8,"column":25},"end":{"line":8,"column":48}},"1":{"start":{"line":8,"column":31},"end":{"line":8,"column":48}}},"fnMap":{"0":{"name":"(anonymous_0)","decl":{"start":{"line":8,"column":25},"end":{"line":8,"column":26}},"loc":{"start":{"line":8,"column":31},"end":{"line":8,"column":48}},"line":8}},"branchMap":{},"s":{"0":0,"1":0},"f":{"0":0},"b":{}}
,"/home/safiak/SK_ZEMOSOLABS/Training/ReactAssignment/blinkist-TS-app_V7/src/components/atoms/icons/Nature/Nature.tsx": {"path":"/home/safiak/SK_ZEMOSOLABS/Training/ReactAssignment/blinkist-TS-app_V7/src/components/atoms/icons/Nature/Nature.tsx","statementMap":{"0":{"start":{"line":4,"column":15},"end":{"line":17,"column":1}},"1":{"start":{"line":5,"column":2},"end":{"line":16,"column":8}}},"fnMap":{"0":{"name":"(anonymous_0)","decl":{"start":{"line":4,"column":15},"end":{"line":4,"column":16}},"loc":{"start":{"line":5,"column":2},"end":{"line":16,"column":8}},"line":5}},"branchMap":{},"s":{"0":7,"1":15},"f":{"0":15},"b":{},"_coverageSchema":"1a1c01bbd47fc00a2c39e90264f33305004495a9","hash":"a04670bd5e533e304084ca441b9b00e8dd23d337"}
,"/home/safiak/SK_ZEMOSOLABS/Training/ReactAssignment/blinkist-TS-app_V7/src/components/atoms/icons/Nature/index.tsx": {"path":"/home/safiak/SK_ZEMOSOLABS/Training/ReactAssignment/blinkist-TS-app_V7/src/components/atoms/icons/Nature/index.tsx","statementMap":{},"fnMap":{},"branchMap":{},"s":{},"f":{},"b":{},"_coverageSchema":"1a1c01bbd47fc00a2c39e90264f33305004495a9","hash":"3d6d8b1441daaff7acc3c84f896494aaba355af8"}
,"/home/safiak/SK_ZEMOSOLABS/Training/ReactAssignment/blinkist-TS-app_V7/src/components/atoms/icons/PersonalDevelopment/PersonalDevelopment.stories.tsx": {"path":"/home/safiak/SK_ZEMOSOLABS/Training/ReactAssignment/blinkist-TS-app_V7/src/components/atoms/icons/PersonalDevelopment/PersonalDevelopment.stories.tsx","statementMap":{"0":{"start":{"line":8,"column":25},"end":{"line":8,"column":74}},"1":{"start":{"line":8,"column":31},"end":{"line":8,"column":74}}},"fnMap":{"0":{"name":"(anonymous_0)","decl":{"start":{"line":8,"column":25},"end":{"line":8,"column":26}},"loc":{"start":{"line":8,"column":31},"end":{"line":8,"column":74}},"line":8}},"branchMap":{},"s":{"0":0,"1":0},"f":{"0":0},"b":{}}
,"/home/safiak/SK_ZEMOSOLABS/Training/ReactAssignment/blinkist-TS-app_V7/src/components/atoms/icons/PersonalDevelopment/PersonalDevelopment.tsx": {"path":"/home/safiak/SK_ZEMOSOLABS/Training/ReactAssignment/blinkist-TS-app_V7/src/components/atoms/icons/PersonalDevelopment/PersonalDevelopment.tsx","statementMap":{"0":{"start":{"line":4,"column":35},"end":{"line":17,"column":1}},"1":{"start":{"line":5,"column":2},"end":{"line":16,"column":8}}},"fnMap":{"0":{"name":"(anonymous_0)","decl":{"start":{"line":4,"column":35},"end":{"line":4,"column":36}},"loc":{"start":{"line":5,"column":2},"end":{"line":16,"column":8}},"line":5}},"branchMap":{},"s":{"0":7,"1":15},"f":{"0":15},"b":{},"_coverageSchema":"1a1c01bbd47fc00a2c39e90264f33305004495a9","hash":"c654973fec4597f46e10f177fb3a4d52360f721a"}
,"/home/safiak/SK_ZEMOSOLABS/Training/ReactAssignment/blinkist-TS-app_V7/src/components/atoms/icons/PersonalDevelopment/index.tsx": {"path":"/home/safiak/SK_ZEMOSOLABS/Training/ReactAssignment/blinkist-TS-app_V7/src/components/atoms/icons/PersonalDevelopment/index.tsx","statementMap":{},"fnMap":{},"branchMap":{},"s":{},"f":{},"b":{},"_coverageSchema":"1a1c01bbd47fc00a2c39e90264f33305004495a9","hash":"dd28a1888f035dc2dcb3caed81330d0b7955603a"}
,"/home/safiak/SK_ZEMOSOLABS/Training/ReactAssignment/blinkist-TS-app_V7/src/components/atoms/icons/Productivity/Productivity.stories.tsx": {"path":"/home/safiak/SK_ZEMOSOLABS/Training/ReactAssignment/blinkist-TS-app_V7/src/components/atoms/icons/Productivity/Productivity.stories.tsx","statementMap":{"0":{"start":{"line":8,"column":25},"end":{"line":8,"column":60}},"1":{"start":{"line":8,"column":31},"end":{"line":8,"column":60}}},"fnMap":{"0":{"name":"(anonymous_0)","decl":{"start":{"line":8,"column":25},"end":{"line":8,"column":26}},"loc":{"start":{"line":8,"column":31},"end":{"line":8,"column":60}},"line":8}},"branchMap":{},"s":{"0":0,"1":0},"f":{"0":0},"b":{}}
,"/home/safiak/SK_ZEMOSOLABS/Training/ReactAssignment/blinkist-TS-app_V7/src/components/atoms/icons/Productivity/Productivity.tsx": {"path":"/home/safiak/SK_ZEMOSOLABS/Training/ReactAssignment/blinkist-TS-app_V7/src/components/atoms/icons/Productivity/Productivity.tsx","statementMap":{"0":{"start":{"line":4,"column":28},"end":{"line":17,"column":1}},"1":{"start":{"line":5,"column":2},"end":{"line":16,"column":8}}},"fnMap":{"0":{"name":"(anonymous_0)","decl":{"start":{"line":4,"column":28},"end":{"line":4,"column":29}},"loc":{"start":{"line":5,"column":2},"end":{"line":16,"column":8}},"line":5}},"branchMap":{},"s":{"0":7,"1":15},"f":{"0":15},"b":{},"_coverageSchema":"1a1c01bbd47fc00a2c39e90264f33305004495a9","hash":"0e681a8c7317f318223e1d606f414e214769db8e"}
,"/home/safiak/SK_ZEMOSOLABS/Training/ReactAssignment/blinkist-TS-app_V7/src/components/atoms/icons/Productivity/index.tsx": {"path":"/home/safiak/SK_ZEMOSOLABS/Training/ReactAssignment/blinkist-TS-app_V7/src/components/atoms/icons/Productivity/index.tsx","statementMap":{},"fnMap":{},"branchMap":{},"s":{},"f":{},"b":{},"_coverageSchema":"1a1c01bbd47fc00a2c39e90264f33305004495a9","hash":"7d3146cb1839a682a311f82024b33a98bc2849d0"}
,"/home/safiak/SK_ZEMOSOLABS/Training/ReactAssignment/blinkist-TS-app_V7/src/components/atoms/icons/Psychology/Psychology.stories.tsx": {"path":"/home/safiak/SK_ZEMOSOLABS/Training/ReactAssignment/blinkist-TS-app_V7/src/components/atoms/icons/Psychology/Psychology.stories.tsx","statementMap":{"0":{"start":{"line":8,"column":25},"end":{"line":8,"column":56}},"1":{"start":{"line":8,"column":31},"end":{"line":8,"column":56}}},"fnMap":{"0":{"name":"(anonymous_0)","decl":{"start":{"line":8,"column":25},"end":{"line":8,"column":26}},"loc":{"start":{"line":8,"column":31},"end":{"line":8,"column":56}},"line":8}},"branchMap":{},"s":{"0":0,"1":0},"f":{"0":0},"b":{}}
,"/home/safiak/SK_ZEMOSOLABS/Training/ReactAssignment/blinkist-TS-app_V7/src/components/atoms/icons/Psychology/Psychology.tsx": {"path":"/home/safiak/SK_ZEMOSOLABS/Training/ReactAssignment/blinkist-TS-app_V7/src/components/atoms/icons/Psychology/Psychology.tsx","statementMap":{"0":{"start":{"line":4,"column":19},"end":{"line":17,"column":1}},"1":{"start":{"line":5,"column":2},"end":{"line":16,"column":8}}},"fnMap":{"0":{"name":"(anonymous_0)","decl":{"start":{"line":4,"column":19},"end":{"line":4,"column":20}},"loc":{"start":{"line":5,"column":2},"end":{"line":16,"column":8}},"line":5}},"branchMap":{},"s":{"0":7,"1":15},"f":{"0":15},"b":{},"_coverageSchema":"1a1c01bbd47fc00a2c39e90264f33305004495a9","hash":"313b686ee3382f2d39988f7118dca8ac0b450f88"}
,"/home/safiak/SK_ZEMOSOLABS/Training/ReactAssignment/blinkist-TS-app_V7/src/components/atoms/icons/Psychology/index.tsx": {"path":"/home/safiak/SK_ZEMOSOLABS/Training/ReactAssignment/blinkist-TS-app_V7/src/components/atoms/icons/Psychology/index.tsx","statementMap":{},"fnMap":{},"branchMap":{},"s":{},"f":{},"b":{},"_coverageSchema":"1a1c01bbd47fc00a2c39e90264f33305004495a9","hash":"83dead927e8f29034717589639ff196e83e6484c"}
,"/home/safiak/SK_ZEMOSOLABS/Training/ReactAssignment/blinkist-TS-app_V7/src/components/atoms/icons/Relationship/Relationship.stories.tsx": {"path":"/home/safiak/SK_ZEMOSOLABS/Training/ReactAssignment/blinkist-TS-app_V7/src/components/atoms/icons/Relationship/Relationship.stories.tsx","statementMap":{"0":{"start":{"line":8,"column":25},"end":{"line":8,"column":60}},"1":{"start":{"line":8,"column":31},"end":{"line":8,"column":60}}},"fnMap":{"0":{"name":"(anonymous_0)","decl":{"start":{"line":8,"column":25},"end":{"line":8,"column":26}},"loc":{"start":{"line":8,"column":31},"end":{"line":8,"column":60}},"line":8}},"branchMap":{},"s":{"0":0,"1":0},"f":{"0":0},"b":{}}
,"/home/safiak/SK_ZEMOSOLABS/Training/ReactAssignment/blinkist-TS-app_V7/src/components/atoms/icons/Relationship/Relationship.tsx": {"path":"/home/safiak/SK_ZEMOSOLABS/Training/ReactAssignment/blinkist-TS-app_V7/src/components/atoms/icons/Relationship/Relationship.tsx","statementMap":{"0":{"start":{"line":4,"column":21},"end":{"line":17,"column":1}},"1":{"start":{"line":5,"column":2},"end":{"line":16,"column":8}}},"fnMap":{"0":{"name":"(anonymous_0)","decl":{"start":{"line":4,"column":21},"end":{"line":4,"column":22}},"loc":{"start":{"line":5,"column":2},"end":{"line":16,"column":8}},"line":5}},"branchMap":{},"s":{"0":7,"1":15},"f":{"0":15},"b":{},"_coverageSchema":"1a1c01bbd47fc00a2c39e90264f33305004495a9","hash":"ae9991e9d31a3001a2ba21be63b89e63770d09de"}
,"/home/safiak/SK_ZEMOSOLABS/Training/ReactAssignment/blinkist-TS-app_V7/src/components/atoms/icons/Relationship/index.tsx": {"path":"/home/safiak/SK_ZEMOSOLABS/Training/ReactAssignment/blinkist-TS-app_V7/src/components/atoms/icons/Relationship/index.tsx","statementMap":{},"fnMap":{},"branchMap":{},"s":{},"f":{},"b":{},"_coverageSchema":"1a1c01bbd47fc00a2c39e90264f33305004495a9","hash":"8cfbc9c945d099e82ea9acddd5652c83d5562c8a"}
,"/home/safiak/SK_ZEMOSOLABS/Training/ReactAssignment/blinkist-TS-app_V7/src/components/atoms/icons/Search/Search.stories.tsx": {"path":"/home/safiak/SK_ZEMOSOLABS/Training/ReactAssignment/blinkist-TS-app_V7/src/components/atoms/icons/Search/Search.stories.tsx","statementMap":{"0":{"start":{"line":8,"column":25},"end":{"line":8,"column":48}},"1":{"start":{"line":8,"column":31},"end":{"line":8,"column":48}}},"fnMap":{"0":{"name":"(anonymous_0)","decl":{"start":{"line":8,"column":25},"end":{"line":8,"column":26}},"loc":{"start":{"line":8,"column":31},"end":{"line":8,"column":48}},"line":8}},"branchMap":{},"s":{"0":0,"1":0},"f":{"0":0},"b":{}}
,"/home/safiak/SK_ZEMOSOLABS/Training/ReactAssignment/blinkist-TS-app_V7/src/components/atoms/icons/Search/Search.tsx": {"path":"/home/safiak/SK_ZEMOSOLABS/Training/ReactAssignment/blinkist-TS-app_V7/src/components/atoms/icons/Search/Search.tsx","statementMap":{"0":{"start":{"line":3,"column":15},"end":{"line":18,"column":1}},"1":{"start":{"line":4,"column":2},"end":{"line":17,"column":4}}},"fnMap":{"0":{"name":"(anonymous_0)","decl":{"start":{"line":3,"column":15},"end":{"line":3,"column":16}},"loc":{"start":{"line":3,"column":21},"end":{"line":18,"column":1}},"line":3}},"branchMap":{},"s":{"0":7,"1":16},"f":{"0":16},"b":{},"_coverageSchema":"1a1c01bbd47fc00a2c39e90264f33305004495a9","hash":"73c21fd1c57e355fa9c007233ef9395070f42631"}
,"/home/safiak/SK_ZEMOSOLABS/Training/ReactAssignment/blinkist-TS-app_V7/src/components/atoms/icons/Search/index.tsx": {"path":"/home/safiak/SK_ZEMOSOLABS/Training/ReactAssignment/blinkist-TS-app_V7/src/components/atoms/icons/Search/index.tsx","statementMap":{},"fnMap":{},"branchMap":{},"s":{},"f":{},"b":{},"_coverageSchema":"1a1c01bbd47fc00a2c39e90264f33305004495a9","hash":"7ee68b48176415e8fa2ceabb00fa4ad17a1fa27e"}
,"/home/safiak/SK_ZEMOSOLABS/Training/ReactAssignment/blinkist-TS-app_V7/src/components/atoms/icons/Stats/Stats.stories.tsx": {"path":"/home/safiak/SK_ZEMOSOLABS/Training/ReactAssignment/blinkist-TS-app_V7/src/components/atoms/icons/Stats/Stats.stories.tsx","statementMap":{"0":{"start":{"line":8,"column":25},"end":{"line":8,"column":46}},"1":{"start":{"line":8,"column":31},"end":{"line":8,"column":46}}},"fnMap":{"0":{"name":"(anonymous_0)","decl":{"start":{"line":8,"column":25},"end":{"line":8,"column":26}},"loc":{"start":{"line":8,"column":31},"end":{"line":8,"column":46}},"line":8}},"branchMap":{},"s":{"0":0,"1":0},"f":{"0":0},"b":{}}
,"/home/safiak/SK_ZEMOSOLABS/Training/ReactAssignment/blinkist-TS-app_V7/src/components/atoms/icons/Stats/Stats.tsx": {"path":"/home/safiak/SK_ZEMOSOLABS/Training/ReactAssignment/blinkist-TS-app_V7/src/components/atoms/icons/Stats/Stats.tsx","statementMap":{"0":{"start":{"line":4,"column":14},"end":{"line":19,"column":1}},"1":{"start":{"line":5,"column":2},"end":{"line":18,"column":4}}},"fnMap":{"0":{"name":"(anonymous_0)","decl":{"start":{"line":4,"column":14},"end":{"line":4,"column":15}},"loc":{"start":{"line":4,"column":20},"end":{"line":19,"column":1}},"line":4}},"branchMap":{},"s":{"0":7,"1":15},"f":{"0":15},"b":{},"_coverageSchema":"1a1c01bbd47fc00a2c39e90264f33305004495a9","hash":"320586ab035e81c1f3e2feb2d3446ef2c2d61645"}
,"/home/safiak/SK_ZEMOSOLABS/Training/ReactAssignment/blinkist-TS-app_V7/src/components/atoms/icons/Stats/index.tsx": {"path":"/home/safiak/SK_ZEMOSOLABS/Training/ReactAssignment/blinkist-TS-app_V7/src/components/atoms/icons/Stats/index.tsx","statementMap":{},"fnMap":{},"branchMap":{},"s":{},"f":{},"b":{}}
,"/home/safiak/SK_ZEMOSOLABS/Training/ReactAssignment/blinkist-TS-app_V7/src/components/atoms/icons/TimeIcon/TimeIcon.stories.tsx": {"path":"/home/safiak/SK_ZEMOSOLABS/Training/ReactAssignment/blinkist-TS-app_V7/src/components/atoms/icons/TimeIcon/TimeIcon.stories.tsx","statementMap":{"0":{"start":{"line":8,"column":25},"end":{"line":8,"column":52}},"1":{"start":{"line":8,"column":31},"end":{"line":8,"column":52}}},"fnMap":{"0":{"name":"(anonymous_0)","decl":{"start":{"line":8,"column":25},"end":{"line":8,"column":26}},"loc":{"start":{"line":8,"column":31},"end":{"line":8,"column":52}},"line":8}},"branchMap":{},"s":{"0":0,"1":0},"f":{"0":0},"b":{}}
,"/home/safiak/SK_ZEMOSOLABS/Training/ReactAssignment/blinkist-TS-app_V7/src/components/atoms/icons/TimeIcon/TimeIcon.tsx": {"path":"/home/safiak/SK_ZEMOSOLABS/Training/ReactAssignment/blinkist-TS-app_V7/src/components/atoms/icons/TimeIcon/TimeIcon.tsx","statementMap":{"0":{"start":{"line":4,"column":17},"end":{"line":19,"column":1}},"1":{"start":{"line":5,"column":2},"end":{"line":18,"column":4}}},"fnMap":{"0":{"name":"(anonymous_0)","decl":{"start":{"line":4,"column":17},"end":{"line":4,"column":18}},"loc":{"start":{"line":4,"column":23},"end":{"line":19,"column":1}},"line":4}},"branchMap":{},"s":{"0":7,"1":72},"f":{"0":72},"b":{},"_coverageSchema":"1a1c01bbd47fc00a2c39e90264f33305004495a9","hash":"1fe55fdb0fb6358ae381f82cf8be7aa2b3bb9439"}
,"/home/safiak/SK_ZEMOSOLABS/Training/ReactAssignment/blinkist-TS-app_V7/src/components/atoms/icons/TimeIcon/index.tsx": {"path":"/home/safiak/SK_ZEMOSOLABS/Training/ReactAssignment/blinkist-TS-app_V7/src/components/atoms/icons/TimeIcon/index.tsx","statementMap":{},"fnMap":{},"branchMap":{},"s":{},"f":{},"b":{},"_coverageSchema":"1a1c01bbd47fc00a2c39e90264f33305004495a9","hash":"daa15540216d39e4d447f88c01879f9b97308abc"}
,"/home/safiak/SK_ZEMOSOLABS/Training/ReactAssignment/blinkist-TS-app_V7/src/components/atoms/icons/User/User.stories.tsx": {"path":"/home/safiak/SK_ZEMOSOLABS/Training/ReactAssignment/blinkist-TS-app_V7/src/components/atoms/icons/User/User.stories.tsx","statementMap":{"0":{"start":{"line":8,"column":25},"end":{"line":8,"column":44}},"1":{"start":{"line":8,"column":31},"end":{"line":8,"column":44}}},"fnMap":{"0":{"name":"(anonymous_0)","decl":{"start":{"line":8,"column":25},"end":{"line":8,"column":26}},"loc":{"start":{"line":8,"column":31},"end":{"line":8,"column":44}},"line":8}},"branchMap":{},"s":{"0":0,"1":0},"f":{"0":0},"b":{}}
,"/home/safiak/SK_ZEMOSOLABS/Training/ReactAssignment/blinkist-TS-app_V7/src/components/atoms/icons/User/User.tsx": {"path":"/home/safiak/SK_ZEMOSOLABS/Training/ReactAssignment/blinkist-TS-app_V7/src/components/atoms/icons/User/User.tsx","statementMap":{"0":{"start":{"line":4,"column":13},"end":{"line":20,"column":1}},"1":{"start":{"line":5,"column":2},"end":{"line":19,"column":4}}},"fnMap":{"0":{"name":"(anonymous_0)","decl":{"start":{"line":4,"column":13},"end":{"line":4,"column":14}},"loc":{"start":{"line":4,"column":19},"end":{"line":20,"column":1}},"line":4}},"branchMap":{},"s":{"0":7,"1":72},"f":{"0":72},"b":{},"_coverageSchema":"1a1c01bbd47fc00a2c39e90264f33305004495a9","hash":"7a3f57ae2e8770a45aa273844fd427ae94b6851e"}
,"/home/safiak/SK_ZEMOSOLABS/Training/ReactAssignment/blinkist-TS-app_V7/src/components/atoms/icons/User/index.tsx": {"path":"/home/safiak/SK_ZEMOSOLABS/Training/ReactAssignment/blinkist-TS-app_V7/src/components/atoms/icons/User/index.tsx","statementMap":{},"fnMap":{},"branchMap":{},"s":{},"f":{},"b":{},"_coverageSchema":"1a1c01bbd47fc00a2c39e90264f33305004495a9","hash":"582f880c34eb573734d389a47c3e8327e495066a"}
,"/home/safiak/SK_ZEMOSOLABS/Training/ReactAssignment/blinkist-TS-app_V7/src/components/molecules/Banner/Banner.stories.tsx": {"path":"/home/safiak/SK_ZEMOSOLABS/Training/ReactAssignment/blinkist-TS-app_V7/src/components/molecules/Banner/Banner.stories.tsx","statementMap":{"0":{"start":{"line":9,"column":25},"end":{"line":9,"column":48}},"1":{"start":{"line":9,"column":31},"end":{"line":9,"column":48}}},"fnMap":{"0":{"name":"(anonymous_0)","decl":{"start":{"line":9,"column":25},"end":{"line":9,"column":26}},"loc":{"start":{"line":9,"column":31},"end":{"line":9,"column":48}},"line":9}},"branchMap":{},"s":{"0":0,"1":0},"f":{"0":0},"b":{}}
,"/home/safiak/SK_ZEMOSOLABS/Training/ReactAssignment/blinkist-TS-app_V7/src/components/molecules/Banner/Banner.tsx": {"path":"/home/safiak/SK_ZEMOSOLABS/Training/ReactAssignment/blinkist-TS-app_V7/src/components/molecules/Banner/Banner.tsx","statementMap":{"0":{"start":{"line":6,"column":15},"end":{"line":16,"column":1}},"1":{"start":{"line":18,"column":15},"end":{"line":55,"column":1}},"2":{"start":{"line":19,"column":2},"end":{"line":54,"column":4}}},"fnMap":{"0":{"name":"(anonymous_0)","decl":{"start":{"line":18,"column":15},"end":{"line":18,"column":16}},"loc":{"start":{"line":18,"column":21},"end":{"line":55,"column":1}},"line":18}},"branchMap":{},"s":{"0":5,"1":5,"2":11},"f":{"0":11},"b":{},"_coverageSchema":"1a1c01bbd47fc00a2c39e90264f33305004495a9","hash":"1169891eb4d07c5f252ea63c0cba8da29fa0421e"}
,"/home/safiak/SK_ZEMOSOLABS/Training/ReactAssignment/blinkist-TS-app_V7/src/components/molecules/Banner/index.tsx": {"path":"/home/safiak/SK_ZEMOSOLABS/Training/ReactAssignment/blinkist-TS-app_V7/src/components/molecules/Banner/index.tsx","statementMap":{},"fnMap":{},"branchMap":{},"s":{},"f":{},"b":{},"_coverageSchema":"1a1c01bbd47fc00a2c39e90264f33305004495a9","hash":"ada394319aa2ee75996d22302091b012f53cd157"}
,"/home/safiak/SK_ZEMOSOLABS/Training/ReactAssignment/blinkist-TS-app_V7/src/components/molecules/Button/Button.stories.tsx": {"path":"/home/safiak/SK_ZEMOSOLABS/Training/ReactAssignment/blinkist-TS-app_V7/src/components/molecules/Button/Button.stories.tsx","statementMap":{"0":{"start":{"line":11,"column":23},"end":{"line":11,"column":70}},"1":{"start":{"line":11,"column":48},"end":{"line":11,"column":70}},"2":{"start":{"line":12,"column":25},"end":{"line":12,"column":76}},"3":{"start":{"line":12,"column":52},"end":{"line":12,"column":76}},"4":{"start":{"line":14,"column":0},"end":{"line":17,"column":2}},"5":{"start":{"line":19,"column":0},"end":{"line":21,"column":2}}},"fnMap":{"0":{"name":"(anonymous_0)","decl":{"start":{"line":11,"column":23},"end":{"line":11,"column":24}},"loc":{"start":{"line":11,"column":48},"end":{"line":11,"column":70}},"line":11},"1":{"name":"(anonymous_1)","decl":{"start":{"line":12,"column":25},"end":{"line":12,"column":26}},"loc":{"start":{"line":12,"column":52},"end":{"line":12,"column":76}},"line":12}},"branchMap":{},"s":{"0":0,"1":0,"2":0,"3":0,"4":0,"5":0},"f":{"0":0,"1":0},"b":{}}
,"/home/safiak/SK_ZEMOSOLABS/Training/ReactAssignment/blinkist-TS-app_V7/src/components/molecules/Button/Primary/Primary.tsx": {"path":"/home/safiak/SK_ZEMOSOLABS/Training/ReactAssignment/blinkist-TS-app_V7/src/components/molecules/Button/Primary/Primary.tsx","statementMap":{"0":{"start":{"line":6,"column":15},"end":{"line":24,"column":1}},"1":{"start":{"line":30,"column":16},"end":{"line":48,"column":1}},"2":{"start":{"line":31,"column":40},"end":{"line":31,"column":55}},"3":{"start":{"line":33,"column":22},"end":{"line":35,"column":3}},"4":{"start":{"line":34,"column":4},"end":{"line":34,"column":24}},"5":{"start":{"line":37,"column":2},"end":{"line":47,"column":4}},"6":{"start":{"line":40,"column":25},"end":{"line":40,"column":42}},"7":{"start":{"line":41,"column":24},"end":{"line":41,"column":42}}},"fnMap":{"0":{"name":"(anonymous_0)","decl":{"start":{"line":30,"column":16},"end":{"line":30,"column":17}},"loc":{"start":{"line":30,"column":41},"end":{"line":48,"column":1}},"line":30},"1":{"name":"(anonymous_1)","decl":{"start":{"line":33,"column":22},"end":{"line":33,"column":23}},"loc":{"start":{"line":33,"column":40},"end":{"line":35,"column":3}},"line":33},"2":{"name":"(anonymous_2)","decl":{"start":{"line":40,"column":19},"end":{"line":40,"column":20}},"loc":{"start":{"line":40,"column":25},"end":{"line":40,"column":42}},"line":40},"3":{"name":"(anonymous_3)","decl":{"start":{"line":41,"column":18},"end":{"line":41,"column":19}},"loc":{"start":{"line":41,"column":24},"end":{"line":41,"column":42}},"line":41}},"branchMap":{"0":{"loc":{"start":{"line":39,"column":13},"end":{"line":39,"column":61}},"type":"cond-expr","locations":[{"start":{"line":39,"column":27},"end":{"line":39,"column":45}},{"start":{"line":39,"column":48},"end":{"line":39,"column":61}}],"line":39}},"s":{"0":5,"1":5,"2":17,"3":17,"4":0,"5":17,"6":0,"7":0},"f":{"0":17,"1":0,"2":0,"3":0},"b":{"0":[0,17]},"_coverageSchema":"1a1c01bbd47fc00a2c39e90264f33305004495a9","hash":"e9f55aef489174e2a6708065bc18a841f8818a00"}
,"/home/safiak/SK_ZEMOSOLABS/Training/ReactAssignment/blinkist-TS-app_V7/src/components/molecules/Button/Primary/index.tsx": {"path":"/home/safiak/SK_ZEMOSOLABS/Training/ReactAssignment/blinkist-TS-app_V7/src/components/molecules/Button/Primary/index.tsx","statementMap":{},"fnMap":{},"branchMap":{},"s":{},"f":{},"b":{},"_coverageSchema":"1a1c01bbd47fc00a2c39e90264f33305004495a9","hash":"8ba9803f65e4c84b6c88442527ce9008aa12bcb1"}
,"/home/safiak/SK_ZEMOSOLABS/Training/ReactAssignment/blinkist-TS-app_V7/src/components/molecules/Button/Secondary/Secondary.tsx": {"path":"/home/safiak/SK_ZEMOSOLABS/Training/ReactAssignment/blinkist-TS-app_V7/src/components/molecules/Button/Secondary/Secondary.tsx","statementMap":{"0":{"start":{"line":6,"column":15},"end":{"line":36,"column":1}},"1":{"start":{"line":43,"column":18},"end":{"line":62,"column":1}},"2":{"start":{"line":44,"column":40},"end":{"line":44,"column":55}},"3":{"start":{"line":46,"column":22},"end":{"line":48,"column":3}},"4":{"start":{"line":47,"column":4},"end":{"line":47,"column":24}},"5":{"start":{"line":50,"column":2},"end":{"line":61,"column":4}},"6":{"start":{"line":53,"column":25},"end":{"line":53,"column":42}},"7":{"start":{"line":54,"column":24},"end":{"line":54,"column":42}}},"fnMap":{"0":{"name":"(anonymous_0)","decl":{"start":{"line":43,"column":18},"end":{"line":43,"column":19}},"loc":{"start":{"line":43,"column":45},"end":{"line":62,"column":1}},"line":43},"1":{"name":"(anonymous_1)","decl":{"start":{"line":46,"column":22},"end":{"line":46,"column":23}},"loc":{"start":{"line":46,"column":40},"end":{"line":48,"column":3}},"line":46},"2":{"name":"(anonymous_2)","decl":{"start":{"line":53,"column":19},"end":{"line":53,"column":20}},"loc":{"start":{"line":53,"column":25},"end":{"line":53,"column":42}},"line":53},"3":{"name":"(anonymous_3)","decl":{"start":{"line":54,"column":18},"end":{"line":54,"column":19}},"loc":{"start":{"line":54,"column":24},"end":{"line":54,"column":42}},"line":54}},"branchMap":{"0":{"loc":{"start":{"line":52,"column":13},"end":{"line":52,"column":61}},"type":"cond-expr","locations":[{"start":{"line":52,"column":27},"end":{"line":52,"column":45}},{"start":{"line":52,"column":48},"end":{"line":52,"column":61}}],"line":52},"1":{"loc":{"start":{"line":56,"column":7},"end":{"line":56,"column":38}},"type":"cond-expr","locations":[{"start":{"line":56,"column":20},"end":{"line":56,"column":30}},{"start":{"line":56,"column":33},"end":{"line":56,"column":38}}],"line":56}},"s":{"0":6,"1":6,"2":37,"3":37,"4":0,"5":37,"6":0,"7":0},"f":{"0":37,"1":0,"2":0,"3":0},"b":{"0":[0,37],"1":[36,1]},"_coverageSchema":"1a1c01bbd47fc00a2c39e90264f33305004495a9","hash":"4ae170e392fc1a41f640da9656680d1ad35db2ca"}
,"/home/safiak/SK_ZEMOSOLABS/Training/ReactAssignment/blinkist-TS-app_V7/src/components/molecules/Button/Secondary/index.tsx": {"path":"/home/safiak/SK_ZEMOSOLABS/Training/ReactAssignment/blinkist-TS-app_V7/src/components/molecules/Button/Secondary/index.tsx","statementMap":{},"fnMap":{},"branchMap":{},"s":{},"f":{},"b":{},"_coverageSchema":"1a1c01bbd47fc00a2c39e90264f33305004495a9","hash":"2c50ebc78b3021bb1ceff91a82798d9c68d4b141"}
,"/home/safiak/SK_ZEMOSOLABS/Training/ReactAssignment/blinkist-TS-app_V7/src/components/molecules/NavMenuLink/NavMenuLink.stories.tsx": {"path":"/home/safiak/SK_ZEMOSOLABS/Training/ReactAssignment/blinkist-TS-app_V7/src/components/molecules/NavMenuLink/NavMenuLink.stories.tsx","statementMap":{"0":{"start":{"line":10,"column":25},"end":{"line":12,"column":1}},"1":{"start":{"line":11,"column":2},"end":{"line":11,"column":28}},"2":{"start":{"line":14,"column":0},"end":{"line":18,"column":2}}},"fnMap":{"0":{"name":"(anonymous_0)","decl":{"start":{"line":10,"column":25},"end":{"line":10,"column":26}},"loc":{"start":{"line":11,"column":2},"end":{"line":11,"column":28}},"line":11}},"branchMap":{},"s":{"0":0,"1":0,"2":0},"f":{"0":0},"b":{}}
,"/home/safiak/SK_ZEMOSOLABS/Training/ReactAssignment/blinkist-TS-app_V7/src/components/molecules/NavMenuLink/NavMenuLink.tsx": {"path":"/home/safiak/SK_ZEMOSOLABS/Training/ReactAssignment/blinkist-TS-app_V7/src/components/molecules/NavMenuLink/NavMenuLink.tsx","statementMap":{"0":{"start":{"line":7,"column":15},"end":{"line":20,"column":1}},"1":{"start":{"line":28,"column":20},"end":{"line":52,"column":1}},"2":{"start":{"line":29,"column":36},"end":{"line":29,"column":60}},"3":{"start":{"line":31,"column":22},"end":{"line":33,"column":3}},"4":{"start":{"line":32,"column":4},"end":{"line":32,"column":24}},"5":{"start":{"line":35,"column":2},"end":{"line":51,"column":4}},"6":{"start":{"line":40,"column":27},"end":{"line":40,"column":44}},"7":{"start":{"line":41,"column":26},"end":{"line":41,"column":44}}},"fnMap":{"0":{"name":"(anonymous_0)","decl":{"start":{"line":28,"column":20},"end":{"line":28,"column":21}},"loc":{"start":{"line":28,"column":49},"end":{"line":52,"column":1}},"line":28},"1":{"name":"(anonymous_1)","decl":{"start":{"line":31,"column":22},"end":{"line":31,"column":23}},"loc":{"start":{"line":31,"column":42},"end":{"line":33,"column":3}},"line":31},"2":{"name":"(anonymous_2)","decl":{"start":{"line":40,"column":21},"end":{"line":40,"column":22}},"loc":{"start":{"line":40,"column":27},"end":{"line":40,"column":44}},"line":40},"3":{"name":"(anonymous_3)","decl":{"start":{"line":41,"column":20},"end":{"line":41,"column":21}},"loc":{"start":{"line":41,"column":26},"end":{"line":41,"column":44}},"line":41}},"branchMap":{"0":{"loc":{"start":{"line":43,"column":17},"end":{"line":45,"column":43}},"type":"cond-expr","locations":[{"start":{"line":44,"column":14},"end":{"line":44,"column":42}},{"start":{"line":45,"column":14},"end":{"line":45,"column":43}}],"line":43}},"s":{"0":7,"1":7,"2":310,"3":307,"4":0,"5":307,"6":0,"7":0},"f":{"0":310,"1":0,"2":0,"3":0},"b":{"0":[0,307]},"_coverageSchema":"1a1c01bbd47fc00a2c39e90264f33305004495a9","hash":"9a75750a5abfed15c389c76139292ec613f3a681"}
,"/home/safiak/SK_ZEMOSOLABS/Training/ReactAssignment/blinkist-TS-app_V7/src/components/molecules/NavMenuLink/index.tsx": {"path":"/home/safiak/SK_ZEMOSOLABS/Training/ReactAssignment/blinkist-TS-app_V7/src/components/molecules/NavMenuLink/index.tsx","statementMap":{},"fnMap":{},"branchMap":{},"s":{},"f":{},"b":{}}
,"/home/safiak/SK_ZEMOSOLABS/Training/ReactAssignment/blinkist-TS-app_V7/src/components/molecules/SearchBar/SearchBar.stories.tsx": {"path":"/home/safiak/SK_ZEMOSOLABS/Training/ReactAssignment/blinkist-TS-app_V7/src/components/molecules/SearchBar/SearchBar.stories.tsx","statementMap":{"0":{"start":{"line":9,"column":25},"end":{"line":9,"column":54}},"1":{"start":{"line":9,"column":31},"end":{"line":9,"column":54}}},"fnMap":{"0":{"name":"(anonymous_0)","decl":{"start":{"line":9,"column":25},"end":{"line":9,"column":26}},"loc":{"start":{"line":9,"column":31},"end":{"line":9,"column":54}},"line":9}},"branchMap":{},"s":{"0":0,"1":0},"f":{"0":0},"b":{}}
,"/home/safiak/SK_ZEMOSOLABS/Training/ReactAssignment/blinkist-TS-app_V7/src/components/molecules/SearchBar/SearchBar.tsx": {"path":"/home/safiak/SK_ZEMOSOLABS/Training/ReactAssignment/blinkist-TS-app_V7/src/components/molecules/SearchBar/SearchBar.tsx","statementMap":{"0":{"start":{"line":5,"column":15},"end":{"line":24,"column":1}},"1":{"start":{"line":26,"column":18},"end":{"line":41,"column":1}},"2":{"start":{"line":27,"column":2},"end":{"line":40,"column":4}}},"fnMap":{"0":{"name":"(anonymous_0)","decl":{"start":{"line":26,"column":18},"end":{"line":26,"column":19}},"loc":{"start":{"line":26,"column":24},"end":{"line":41,"column":1}},"line":26}},"branchMap":{},"s":{"0":5,"1":5,"2":7},"f":{"0":7},"b":{},"_coverageSchema":"1a1c01bbd47fc00a2c39e90264f33305004495a9","hash":"0f97756ca9bd784099f29d51f56d395ece85e166"}
,"/home/safiak/SK_ZEMOSOLABS/Training/ReactAssignment/blinkist-TS-app_V7/src/components/molecules/SearchBar/index.tsx": {"path":"/home/safiak/SK_ZEMOSOLABS/Training/ReactAssignment/blinkist-TS-app_V7/src/components/molecules/SearchBar/index.tsx","statementMap":{},"fnMap":{},"branchMap":{},"s":{},"f":{},"b":{},"_coverageSchema":"1a1c01bbd47fc00a2c39e90264f33305004495a9","hash":"ef2f01a45162602f6c856bb83c5e6c7a5d2cea2a"}
,"/home/safiak/SK_ZEMOSOLABS/Training/ReactAssignment/blinkist-TS-app_V7/src/components/molecules/SynopsisBar/SynopsisBar.stories.tsx": {"path":"/home/safiak/SK_ZEMOSOLABS/Training/ReactAssignment/blinkist-TS-app_V7/src/components/molecules/SynopsisBar/SynopsisBar.stories.tsx","statementMap":{"0":{"start":{"line":9,"column":25},"end":{"line":9,"column":58}},"1":{"start":{"line":9,"column":31},"end":{"line":9,"column":58}}},"fnMap":{"0":{"name":"(anonymous_0)","decl":{"start":{"line":9,"column":25},"end":{"line":9,"column":26}},"loc":{"start":{"line":9,"column":31},"end":{"line":9,"column":58}},"line":9}},"branchMap":{},"s":{"0":0,"1":0},"f":{"0":0},"b":{}}
,"/home/safiak/SK_ZEMOSOLABS/Training/ReactAssignment/blinkist-TS-app_V7/src/components/molecules/SynopsisBar/SynopsisBar.tsx": {"path":"/home/safiak/SK_ZEMOSOLABS/Training/ReactAssignment/blinkist-TS-app_V7/src/components/molecules/SynopsisBar/SynopsisBar.tsx","statementMap":{"0":{"start":{"line":6,"column":15},"end":{"line":27,"column":1}},"1":{"start":{"line":29,"column":20},"end":{"line":65,"column":1}},"2":{"start":{"line":30,"column":36},"end":{"line":30,"column":55}},"3":{"start":{"line":32,"column":22},"end":{"line":34,"column":3}},"4":{"start":{"line":33,"column":4},"end":{"line":33,"column":24}},"5":{"start":{"line":36,"column":2},"end":{"line":64,"column":4}},"6":{"start":{"line":41,"column":23},"end":{"line":41,"column":37}}},"fnMap":{"0":{"name":"(anonymous_0)","decl":{"start":{"line":29,"column":20},"end":{"line":29,"column":21}},"loc":{"start":{"line":29,"column":26},"end":{"line":65,"column":1}},"line":29},"1":{"name":"(anonymous_1)","decl":{"start":{"line":32,"column":22},"end":{"line":32,"column":23}},"loc":{"start":{"line":32,"column":41},"end":{"line":34,"column":3}},"line":32},"2":{"name":"(anonymous_2)","decl":{"start":{"line":41,"column":17},"end":{"line":41,"column":18}},"loc":{"start":{"line":41,"column":23},"end":{"line":41,"column":37}},"line":41}},"branchMap":{"0":{"loc":{"start":{"line":39,"column":17},"end":{"line":39,"column":60}},"type":"cond-expr","locations":[{"start":{"line":39,"column":35},"end":{"line":39,"column":46}},{"start":{"line":39,"column":49},"end":{"line":39,"column":60}}],"line":39},"1":{"loc":{"start":{"line":42,"column":15},"end":{"line":42,"column":64}},"type":"cond-expr","locations":[{"start":{"line":42,"column":33},"end":{"line":42,"column":46}},{"start":{"line":42,"column":49},"end":{"line":42,"column":64}}],"line":42},"2":{"loc":{"start":{"line":48,"column":17},"end":{"line":48,"column":60}},"type":"cond-expr","locations":[{"start":{"line":48,"column":35},"end":{"line":48,"column":46}},{"start":{"line":48,"column":49},"end":{"line":48,"column":60}}],"line":48},"3":{"loc":{"start":{"line":50,"column":15},"end":{"line":50,"column":64}},"type":"cond-expr","locations":[{"start":{"line":50,"column":33},"end":{"line":50,"column":46}},{"start":{"line":50,"column":49},"end":{"line":50,"column":64}}],"line":50},"4":{"loc":{"start":{"line":56,"column":17},"end":{"line":56,"column":60}},"type":"cond-expr","locations":[{"start":{"line":56,"column":35},"end":{"line":56,"column":46}},{"start":{"line":56,"column":49},"end":{"line":56,"column":60}}],"line":56},"5":{"loc":{"start":{"line":58,"column":15},"end":{"line":58,"column":64}},"type":"cond-expr","locations":[{"start":{"line":58,"column":33},"end":{"line":58,"column":46}},{"start":{"line":58,"column":49},"end":{"line":58,"column":64}}],"line":58}},"s":{"0":5,"1":5,"2":20,"3":20,"4":0,"5":20,"6":0},"f":{"0":20,"1":0,"2":0},"b":{"0":[20,0],"1":[20,0],"2":[0,20],"3":[0,20],"4":[0,20],"5":[0,20]},"_coverageSchema":"1a1c01bbd47fc00a2c39e90264f33305004495a9","hash":"1bd5973d8ad35dccef56e459b565902c0b3e78da"}
,"/home/safiak/SK_ZEMOSOLABS/Training/ReactAssignment/blinkist-TS-app_V7/src/components/molecules/SynopsisBar/index.tsx": {"path":"/home/safiak/SK_ZEMOSOLABS/Training/ReactAssignment/blinkist-TS-app_V7/src/components/molecules/SynopsisBar/index.tsx","statementMap":{},"fnMap":{},"branchMap":{},"s":{},"f":{},"b":{},"_coverageSchema":"1a1c01bbd47fc00a2c39e90264f33305004495a9","hash":"7db152f8c3865117a662e112c34ff56a2cc845c2"}
,"/home/safiak/SK_ZEMOSOLABS/Training/ReactAssignment/blinkist-TS-app_V7/src/components/molecules/Tabs/Tabs.stories.tsx": {"path":"/home/safiak/SK_ZEMOSOLABS/Training/ReactAssignment/blinkist-TS-app_V7/src/components/molecules/Tabs/Tabs.stories.tsx","statementMap":{"0":{"start":{"line":9,"column":25},"end":{"line":9,"column":71}},"1":{"start":{"line":9,"column":47},"end":{"line":9,"column":71}},"2":{"start":{"line":11,"column":0},"end":{"line":15,"column":2}},"3":{"start":{"line":13,"column":4},"end":{"line":13,"column":32}}},"fnMap":{"0":{"name":"(anonymous_0)","decl":{"start":{"line":9,"column":25},"end":{"line":9,"column":26}},"loc":{"start":{"line":9,"column":47},"end":{"line":9,"column":71}},"line":9},"1":{"name":"(anonymous_1)","decl":{"start":{"line":12,"column":13},"end":{"line":12,"column":14}},"loc":{"start":{"line":12,"column":19},"end":{"line":14,"column":3}},"line":12}},"branchMap":{},"s":{"0":0,"1":0,"2":0,"3":0},"f":{"0":0,"1":0},"b":{}}
,"/home/safiak/SK_ZEMOSOLABS/Training/ReactAssignment/blinkist-TS-app_V7/src/components/molecules/Tabs/Tabs.tsx": {"path":"/home/safiak/SK_ZEMOSOLABS/Training/ReactAssignment/blinkist-TS-app_V7/src/components/molecules/Tabs/Tabs.tsx","statementMap":{"0":{"start":{"line":5,"column":15},"end":{"line":22,"column":1}},"1":{"start":{"line":28,"column":13},"end":{"line":58,"column":1}},"2":{"start":{"line":29,"column":36},"end":{"line":29,"column":60}},"3":{"start":{"line":31,"column":22},"end":{"line":34,"column":3}},"4":{"start":{"line":32,"column":4},"end":{"line":32,"column":24}},"5":{"start":{"line":33,"column":4},"end":{"line":33,"column":27}},"6":{"start":{"line":36,"column":2},"end":{"line":57,"column":4}},"7":{"start":{"line":41,"column":23},"end":{"line":41,"column":41}},"8":{"start":{"line":50,"column":23},"end":{"line":50,"column":40}}},"fnMap":{"0":{"name":"(anonymous_0)","decl":{"start":{"line":28,"column":13},"end":{"line":28,"column":14}},"loc":{"start":{"line":28,"column":35},"end":{"line":58,"column":1}},"line":28},"1":{"name":"(anonymous_1)","decl":{"start":{"line":31,"column":22},"end":{"line":31,"column":23}},"loc":{"start":{"line":31,"column":42},"end":{"line":34,"column":3}},"line":31},"2":{"name":"(anonymous_2)","decl":{"start":{"line":41,"column":17},"end":{"line":41,"column":18}},"loc":{"start":{"line":41,"column":23},"end":{"line":41,"column":41}},"line":41},"3":{"name":"(anonymous_3)","decl":{"start":{"line":50,"column":17},"end":{"line":50,"column":18}},"loc":{"start":{"line":50,"column":23},"end":{"line":50,"column":40}},"line":50}},"branchMap":{"0":{"loc":{"start":{"line":39,"column":17},"end":{"line":39,"column":55}},"type":"cond-expr","locations":[{"start":{"line":39,"column":30},"end":{"line":39,"column":41}},{"start":{"line":39,"column":44},"end":{"line":39,"column":55}}],"line":39},"1":{"loc":{"start":{"line":42,"column":15},"end":{"line":42,"column":59}},"type":"cond-expr","locations":[{"start":{"line":42,"column":28},"end":{"line":42,"column":41}},{"start":{"line":42,"column":44},"end":{"line":42,"column":59}}],"line":42},"2":{"loc":{"start":{"line":48,"column":17},"end":{"line":48,"column":54}},"type":"cond-expr","locations":[{"start":{"line":48,"column":29},"end":{"line":48,"column":40}},{"start":{"line":48,"column":43},"end":{"line":48,"column":54}}],"line":48},"3":{"loc":{"start":{"line":51,"column":15},"end":{"line":51,"column":58}},"type":"cond-expr","locations":[{"start":{"line":51,"column":27}
[...]
,"/home/safiak/SK_ZEMOSOLABS/Training/ReactAssignment/blinkist-TS-app_V7/src/components/organisms/Footer/Footer.tsx": {"path":"/home/safiak/SK_ZEMOSOLABS/Training/ReactAssignment/blinkist-TS-app_V7/src/components/organisms/Footer/Footer.tsx","statementMap":{"0":{"start":{"line":6,"column":15},"end":{"line":28,"column":1}},"1":{"start":{"line":30,"column":15},"end":{"line":158,"column":1}},"2":{"start":{"line":31,"column":2},"end":{"line":157,"column":4}}},"fnMap":{"0":{"name":"(anonymous_0)","decl":{"start":{"line":30,"column":15},"end":{"line":30,"column":16}},"loc":{"start":{"line":30,"column":21},"end":{"line":158,"column":1}},"line":30}},"branchMap":{},"s":{"0":5,"1":5,"2":20},"f":{"0":20},"b":{},"_coverageSchema":"1a1c01bbd47fc00a2c39e90264f33305004495a9","hash":"eba816a6dc886000c05c4c994184dedc4044be0f"}
,"/home/safiak/SK_ZEMOSOLABS/Training/ReactAssignment/blinkist-TS-app_V7/src/components/organisms/Footer/index.tsx": {"path":"/home/safiak/SK_ZEMOSOLABS/Training/ReactAssignment/blinkist-TS-app_V7/src/components/organisms/Footer/index.tsx","statementMap":{},"fnMap":{},"branchMap":{},"s":{},"f":{},"b":{},"_coverageSchema":"1a1c01bbd47fc00a2c39e90264f33305004495a9","hash":"2243ed864aa32330dca17b8097ccaf5326183a20"}
,"/home/safiak/SK_ZEMOSOLABS/Training/ReactAssignment/blinkist-TS-app_V7/src/components/organisms/Header/Header.stories.tsx": {"path":"/home/safiak/SK_ZEMOSOLABS/Training/ReactAssignment/blinkist-TS-app_V7/src/components/organisms/Header/Header.stories.tsx","statementMap":{"0":{"start":{"line":9,"column":25},"end":{"line":9,"column":48}},"1":{"start":{"line":9,"column":31},"end":{"line":9,"column":48}}},"fnMap":{"0":{"name":"(anonymous_0)","decl":{"start":{"line":9,"column":25},"end":{"line":9,"column":26}},"loc":{"start":{"line":9,"column":31},"end":{"line":9,"column":48}},"line":9}},"branchMap":{},"s":{"0":0,"1":0},"f":{"0":0},"b":{}}
,"/home/safiak/SK_ZEMOSOLABS/Training/ReactAssignment/blinkist-TS-app_V7/src/components/organisms/Header/Header.tsx": {"path":"/home/safiak/SK_ZEMOSOLABS/Training/ReactAssignment/blinkist-TS-app_V7/src/components/organisms/Header/Header.tsx","statementMap":{"0":{"start":{"line":16,"column":19},"end":{"line":16,"column":32}},"1":{"start":{"line":17,"column":38},"end":{"line":17,"column":65}},"2":{"start":{"line":18,"column":32},"end":{"line":18,"column":47}},"3":{"start":{"line":20,"column":23},"end":{"line":22,"column":3}},"4":{"start":{"line":21,"column":4},"end":{"line":21,"column":24}},"5":{"start":{"line":24,"column":22},"end":{"line":29,"column":3}},"6":{"start":{"line":25,"column":4},"end":{"line":26,"column":34}},"7":{"start":{"line":25,"column":17},"end":{"line":25,"column":49}},"8":{"start":{"line":26,"column":9},"end":{"line":26,"column":34}},"9":{"start":{"line":28,"column":4},"end":{"line":28,"column":25}},"10":{"start":{"line":31,"column":32},"end":{"line":31,"column":42}},"11":{"start":{"line":33,"column":2},"end":{"line":107,"column":4}},"12":{"start":{"line":54,"column":31},"end":{"line":54,"column":48}},"13":{"start":{"line":83,"column":31},"end":{"line":83,"column":55}}},"fnMap":{"0":{"name":"Header","decl":{"start":{"line":15,"column":9},"end":{"line":15,"column":15}},"loc":{"start":{"line":15,"column":18},"end":{"line":108,"column":1}},"line":15},"1":{"name":"(anonymous_1)","decl":{"start":{"line":20,"column":23},"end":{"line":20,"column":24}},"loc":{"start":{"line":20,"column":41},"end":{"line":22,"column":3}},"line":20},"2":{"name":"(anonymous_2)","decl":{"start":{"line":24,"column":22},"end":{"line":24,"column":23}},"loc":{"start":{"line":24,"column":28},"end":{"line":29,"column":3}},"line":24},"3":{"name":"(anonymous_3)","decl":{"start":{"line":54,"column":25},"end":{"line":54,"column":26}},"loc":{"start":{"line":54,"column":31},"end":{"line":54,"column":48}},"line":54},"4":{"name":"(anonymous_4)","decl":{"start":{"line":83,"column":25},"end":{"line":83,"column":26}},"loc":{"start":{"line":83,"column":31},"end":{"line":83,"column":55}},"line":83}},"branchMap":{"0":{"loc":{"start":{"line":25,"column":4},"end":{"line":26,"column":34}},"type":"if","locations":[{"start":{"line":25,"column":4},"end":{"line":26,"column":34}},{"start":{"line":26,"column":9},"end":{"line":26,"column":34}}],"line":25},"1":{"loc":{"start":{"line":50,"column":18},"end":{"line":52,"column":52}},"type":"cond-expr","locations":[{"start":{"line":51,"column":22},"end":{"line":51,"column":49}},{"start":{"line":52,"column":22},"end":{"line":52,"column":52}}],"line":50},"2":{"loc":{"start":{"line":65,"column":18},"end":{"line":67,"column":52}},"type":"cond-expr","locations":[{"start":{"line":66,"column":22},"end":{"line":66,"column":49}},{"start":{"line":67,"column":22},"end":{"line":67,"column":52}}],"line":65},"3":{"loc":{"start":{"line":79,"column":18},"end":{"line":81,"column":52}},"type":"cond-expr","locations":[{"start":{"line":80,"column":22},"end":{"line":80,"column":49}},{"start":{"line":81,"column":22},"end":{"line":81,"column":52}}],"line":79},"4":{"loc":{"start":{"line":101,"column":10},"end":{"line":101,"column":78}},"type":"cond-expr","locations":[{"start":{"line":101,"column":20},"end":{"line":101,"column":46}},{"start":{"line":101,"column":49},"end":{"line":101,"column":78}}],"line":101}},"s":{"0":11,"1":9,"2":9,"3":9,"4":0,"5":9,"6":0,"7":0,"8":0,"9":0,"10":9,"11":9,"12":0,"13":0},"f":{"0":11,"1":0,"2":0,"3":0,"4":0},"b":{"0":[0,0],"1":[9,0],"2":[0,9],"3":[0,9],"4":[0,9]},"_coverageSchema":"1a1c01bbd47fc00a2c39e90264f33305004495a9","hash":"5fe872f0aaa850cf5702a62ce34be79084d31ed1"}
,"/home/safiak/SK_ZEMOSOLABS/Training/ReactAssignment/blinkist-TS-app_V7/src/components/organisms/Header/HeaderStyles.tsx": {"path":"/home/safiak/SK_ZEMOSOLABS/Training/ReactAssignment/blinkist-TS-app_V7/src/components/organisms/Header/HeaderStyles.tsx","statementMap":{"0":{"start":{"line":3,"column":21},"end":{"line":50,"column":1}}},"fnMap":{},"branchMap":{},"s":{"0":5},"f":{},"b":{},"_coverageSchema":"1a1c01bbd47fc00a2c39e90264f33305004495a9","hash":"a74eb1085956fc2ba5be0ef1147812c231989a4e"}
,"/home/safiak/SK_ZEMOSOLABS/Training/ReactAssignment/blinkist-TS-app_V7/src/components/organisms/Header/index.tsx": {"path":"/home/safiak/SK_ZEMOSOLABS/Training/ReactAssignment/blinkist-TS-app_V7/src/components/organisms/Header/index.tsx","statementMap":{},"fnMap":{},"branchMap":{},"s":{},"f":{},"b":{},"_coverageSchema":"1a1c01bbd47fc00a2c39e90264f33305004495a9","hash":"bdbd5064f3c4bb56681f233b454dea1172e10f57"}
,"/home/safiak/SK_ZEMOSOLABS/Training/ReactAssignment/blinkist-TS-app_V7/src/components/organisms/HeaderDropDown/HeaderDropDown.stories.tsx": {"path":"/home/safiak/SK_ZEMOSOLABS/Training/ReactAssignment/blinkist-TS-app_V7/src/components/organisms/HeaderDropDown/HeaderDropDown.stories.tsx","statementMap":{"0":{"start":{"line":9,"column":25},"end":{"line":9,"column":64}},"1":{"start":{"line":9,"column":31},"end":{"line":9,"column":64}}},"fnMap":{"0":{"name":"(anonymous_0)","decl":{"start":{"line":9,"column":25},"end":{"line":9,"column":26}},"loc":{"start":{"line":9,"column":31},"end":{"line":9,"column":64}},"line":9}},"branchMap":{},"s":{"0":0,"1":0},"f":{"0":0},"b":{}}
,"/home/safiak/SK_ZEMOSOLABS/Training/ReactAssignment/blinkist-TS-app_V7/src/components/organisms/HeaderDropDown/HeaderDropDown.tsx": {"path":"/home/safiak/SK_ZEMOSOLABS/Training/ReactAssignment/blinkist-TS-app_V7/src/components/organisms/HeaderDropDown/HeaderDropDown.tsx","statementMap":{"0":{"start":{"line":25,"column":15},"end":{"line":46,"column":1}},"1":{"start":{"line":48,"column":28},"end":{"line":139,"column":1}},"2":{"start":{"line":141,"column":23},"end":{"line":181,"column":1}},"3":{"start":{"line":142,"column":2},"end":{"line":180,"column":4}},"4":{"start":{"line":171,"column":12},"end":{"line":175,"column":27}}},"fnMap":{"0":{"name":"(anonymous_0)","decl":{"start":{"line":141,"column":23},"end":{"line":141,"column":24}},"loc":{"start":{"line":141,"column":29},"end":{"line":181,"column":1}},"line":141},"1":{"name":"(anonymous_1)","decl":{"start":{"line":170,"column":30},"end":{"line":170,"column":31}},"loc":{"start":{"line":171,"column":12},"end":{"line":175,"column":27}},"line":171}},"branchMap":{},"s":{"0":6,"1":6,"2":6,"3":20,"4":360},"f":{"0":20,"1":360},"b":{},"_coverageSchema":"1a1c01bbd47fc00a2c39e90264f33305004495a9","hash":"5f19f7f519a36e5ab4ed444630668e1fec831e59"}
,"/home/safiak/SK_ZEMOSOLABS/Training/ReactAssignment/blinkist-TS-app_V7/src/components/organisms/HeaderDropDown/index.tsx": {"path":"/home/safiak/SK_ZEMOSOLABS/Training/ReactAssignment/blinkist-TS-app_V7/src/components/organisms/HeaderDropDown/index.tsx","statementMap":{},"fnMap":{},"branchMap":{},"s":{},"f":{},"b":{}}
,"/home/safiak/SK_ZEMOSOLABS/Training/ReactAssignment/blinkist-TS-app_V7/src/pages/Blink/Blink.tsx": {"path":"/home/safiak/SK_ZEMOSOLABS/Training/ReactAssignment/blinkist-TS-app_V7/src/pages/Blink/Blink.tsx","statementMap":{"0":{"start":{"line":12,"column":15},"end":{"line":45,"column":1}},"1":{"start":{"line":47,"column":14},"end":{"line":226,"column":1}},"2":{"start":{"line":49,"column":4},"end":{"line":49,"column":48}},"3":{"start":{"line":50,"column":19},"end":{"line":50,"column":32}},"4":{"start":{"line":52,"column":4},"end":{"line":52,"column":71}},"5":{"start":{"line":54,"column":23},"end":{"line":58,"column":3}},"6":{"start":{"line":55,"column":4},"end":{"line":55,"column":34}},"7":{"start":{"line":56,"column":4},"end":{"line":56,"column":31}},"8":{"start":{"line":57,"column":4},"end":{"line":57,"column":54}},"9":{"start":{"line":60,"column":26},"end":{"line":64,"column":3}},"10":{"start":{"line":61,"column":4},"end":{"line":61,"column":35}},"11":{"start":{"line":62,"column":4},"end":{"line":62,"column":31}},"12":{"start":{"line":63,"column":4},"end":{"line":63,"column":16}},"13":{"start":{"line":66,"column":29},"end":{"line":68,"column":3}},"14":{"start":{"line":67,"column":4},"end":{"line":67,"column":31}},"15":{"start":{"line":70,"column":2},"end":{"line":225,"column":4}},"16":{"start":{"line":140,"column":31},"end":{"line":140,"column":55}},"17":{"start":{"line":168,"column":31},"end":{"line":168,"column":52}},"18":{"start":{"line":192,"column":29},"end":{"line":192,"column":56}}},"fnMap":{"0":{"name":"(anonymous_0)","decl":{"start":{"line":47,"column":14},"end":{"line":47,"column":15}},"loc":{"start":{"line":47,"column":20},"end":{"line":226,"column":1}},"line":47},"1":{"name":"(anonymous_1)","decl":{"start":{"line":54,"column":23},"end":{"line":54,"column":24}},"loc":{"start":{"line":54,"column":40},"end":{"line":58,"column":3}},"line":54},"2":{"name":"(anonymous_2)","decl":{"start":{"line":60,"column":26},"end":{"line":60,"column":27}},"loc":{"start":{"line":60,"column":43},"end":{"line":64,"column":3}},"line":60},"3":{"name":"(anonymous_3)","decl":{"start":{"line":66,"column":29},"end":{"line":66,"column":30}},"loc":{"start":{"line":66,"column":46},"end":{"line":68,"column":3}},"line":66},"4":{"name":"(anonymous_4)","decl":{"start":{"line":140,"column":25},"end":{"line":140,"column":26}},"loc":{"start":{"line":140,"column":31},"end":{"line":140,"column":55}},"line":140},"5":{"name":"(anonymous_5)","decl":{"start":{"line":168,"column":25},"end":{"line":168,"column":26}},"loc":{"start":{"line":168,"column":31},"end":{"line":168,"column":52}},"line":168},"6":{"name":"(anonymous_6)","decl":{"start":{"line":192,"column":23},"end":{"line":192,"column":24}},"loc":{"start":{"line":192,"column":29},"end":{"line":192,"column":56}},"line":192}},"branchMap":{"0":{"loc":{"start":{"line":138,"column":13},"end":{"line":164,"column":13}},"type":"cond-expr","locations":[{"start":{"line":139,"column":14},"end":{"line":148,"column":20}},{"start":{"line":150,"column":14},"end":{"line":163,"column":20}}],"line":138},"1":{"loc":{"start":{"line":166,"column":13},"end":{"line":189,"column":13}},"type":"cond-expr","locations":[{"start":{"line":167,"column":14},"end":{"line":173,"column":20}},{"start":{"line":175,"column":14},"end":{"line":188,"column":20}}],"line":166}},"s":{"0":4,"1":4,"2":16,"3":16,"4":16,"5":16,"6":0,"7":0,"8":0,"9":16,"10":0,"11":0,"12":0,"13":16,"14":0,"15":16,"16":0,"17":0,"18":0},"f":{"0":16,"1":0,"2":0,"3":0,"4":0,"5":0,"6":0},"b":{"0":[3,13],"1":[13,3]},"_coverageSchema":"1a1c01bbd47fc00a2c39e90264f33305004495a9","hash":"5b4f41ed2f89de225a46f72decae8180ecf8b281"}
,"/home/safiak/SK_ZEMOSOLABS/Training/ReactAssignment/blinkist-TS-app_V7/src/pages/Blink/index.ts": {"path":"/home/safiak/SK_ZEMOSOLABS/Training/ReactAssignment/blinkist-TS-app_V7/src/pages/Blink/index.ts","statementMap":{},"fnMap":{},"branchMap":{},"s":{},"f":{},"b":{},"_coverageSchema":"1a1c01bbd47fc00a2c39e90264f33305004495a9","hash":"7648e80bafeb59b6163fe9622087ff182e426bc5"}
,"/home/safiak/SK_ZEMOSOLABS/Training/ReactAssignment/blinkist-TS-app_V7/src/pages/Explore/Explore.tsx": {"path":"/home/safiak/SK_ZEMOSOLABS/Training/ReactAssignment/blinkist-TS-app_V7/src/pages/Explore/Explore.tsx","statementMap":{"0":{"start":{"line":11,"column":15},"end":{"line":18,"column":1}},"1":{"start":{"line":20,"column":16},"end":{"line":68,"column":1}},"2":{"start":{"line":22,"column":4},"end":{"line":22,"column":48}},"3":{"start":{"line":23,"column":29},"end":{"line":26,"column":3}},"4":{"start":{"line":24,"column":4},"end":{"line":24,"column":35}},"5":{"start":{"line":25,"column":4},"end":{"line":25,"column":31}},"6":{"start":{"line":28,"column":2},"end":{"line":67,"column":4}},"7":{"start":{"line":51,"column":12},"end":{"line":62,"column":14}}},"fnMap":{"0":{"name":"(anonymous_0)","decl":{"start":{"line":20,"column":16},"end":{"line":20,"column":17}},"loc":{"start":{"line":20,"column":22},"end":{"line":68,"column":1}},"line":20},"1":{"name":"(anonymous_1)","decl":{"start":{"line":23,"column":29},"end":{"line":23,"column":30}},"loc":{"start":{"line":23,"column":46},"end":{"line":26,"column":3}},"line":23},"2":{"name":"(anonymous_2)","decl":{"start":{"line":50,"column":24},"end":{"line":50,"column":25}},"loc":{"start":{"line":50,"column":64},"end":{"line":63,"column":11}},"line":50}},"branchMap":{"0":{"loc":{"start":{"line":51,"column":19},"end":{"line":62,"column":13}},"type":"cond-expr","locations":[{"start":{"line":52,"column":14},"end":{"line":54,"column":20}},{"start":{"line":56,"column":14},"end":{"line":61,"column":20}}],"line":51}},"s":{"0":4,"1":4,"2":6,"3":5,"4":0,"5":0,"6":5,"7":45},"f":{"0":6,"1":0,"2":45},"b":{"0":[10,35]},"_coverageSchema":"1a1c01bbd47fc00a2c39e90264f33305004495a9","hash":"56f31bb924fb15f4dae6b4c5bfe0268b88e9b87e"}
,"/home/safiak/SK_ZEMOSOLABS/Training/ReactAssignment/blinkist-TS-app_V7/src/pages/Explore/index.ts": {"path":"/home/safiak/SK_ZEMOSOLABS/Training/ReactAssignment/blinkist-TS-app_V7/src/pages/Explore/index.ts","statementMap":{},"fnMap":{},"branchMap":{},"s":{},"f":{},"b":{},"_coverageSchema":"1a1c01bbd47fc00a2c39e90264f33305004495a9","hash":"8dc9b15e4fe7dfb4e74ae8295f9a2544725b4027"}
,"/home/safiak/SK_ZEMOSOLABS/Training/ReactAssignment/blinkist-TS-app_V7/src/pages/Home/Home.tsx": {"path":"/home/safiak/SK_ZEMOSOLABS/Training/ReactAssignment/blinkist-TS-app_V7/src/pages/Home/Home.tsx","statementMap":{"0":{"start":{"line":3,"column":13},"end":{"line":5,"column":1}},"1":{"start":{"line":4,"column":2},"end":{"line":4,"column":40}}},"fnMap":{"0":{"name":"(anonymous_0)","decl":{"start":{"line":3,"column":13},"end":{"line":3,"column":14}},"loc":{"start":{"line":3,"column":19},"end":{"line":5,"column":1}},"line":3}},"branchMap":{},"s":{"0":5,"1":5},"f":{"0":5},"b":{},"_coverageSchema":"1a1c01bbd47fc00a2c39e90264f33305004495a9","hash":"8b8aaf2b909e5ea704e65a4b7607e0fe134d4bd6"}
,"/home/safiak/SK_ZEMOSOLABS/Training/ReactAssignment/blinkist-TS-app_V7/src/pages/Home/index.ts": {"path":"/home/safiak/SK_ZEMOSOLABS/Training/ReactAssignment/blinkist-TS-app_V7/src/pages/Home/index.ts","statementMap":{},"fnMap":{},"branchMap":{},"s":{},"f":{},"b":{},"_coverageSchema":"1a1c01bbd47fc00a2c39e90264f33305004495a9","hash":"939e048d1bf77f5356739466e61af163f1775223"}
,"/home/safiak/SK_ZEMOSOLABS/Training/ReactAssignment/blinkist-TS-app_V7/src/pages/Library/Library.tsx": {"path":"/home/safiak/SK_ZEMOSOLABS/Training/ReactAssignment/blinkist-TS-app_V7/src/pages/Library/Library.tsx","statementMap":{"0":{"start":{"line":10,"column":15},"end":{"line":20,"column":1}},"1":{"start":{"line":22,"column":16},"end":{"line":53,"column":1}},"2":{"start":{"line":23,"column":23},"end":{"line":23,"column":67}},"3":{"start":{"line":24,"column":38},"end":{"line":24,"column":53}},"4":{"start":{"line":26,"column":2},"end":{"line":52,"column":4}},"5":{"start":{"line":39,"column":12},"end":{"line":47,"column":14}}},"fnMap":{"0":{"name":"(anonymous_0)","decl":{"start":{"line":22,"column":16},"end":{"line":22,"column":17}},"loc":{"start":{"line":22,"column":22},"end":{"line":53,"column":1}},"line":22},"1":{"name":"(anonymous_1)","decl":{"start":{"line":38,"column":24},"end":{"line":38,"column":25}},"loc":{"start":{"line":38,"column":64},"end":{"line":48,"column":11}},"line":38}},"branchMap":{"0":{"loc":{"start":{"line":39,"column":19},"end":{"line":47,"column":13}},"type":"cond-expr","locations":[{"start":{"line":40,"column":14},"end":{"line":44,"column":21}},{"start":{"line":46,"column":14},"end":{"line":46,"column":19}}],"line":39},"1":{"loc":{"start":{"line":39,"column":19},"end":{"line":39,"column":65}},"type":"binary-expr","locations":[{"start":{"line":39,"column":19},"end":{"line":39,"column":33}},{"start":{"line":39,"column":37},"end":{"line":39,"column":65}}],"line":39}},"s":{"0":4,"1":4,"2":5,"3":5,"4":5,"5":0},"f":{"0":5,"1":0},"b":{"0":[0,0],"1":[0,0]},"_coverageSchema":"1a1c01bbd47fc00a2c39e90264f33305004495a9","hash":"925fa1fc1da325127b778972fa454e5fa16f8741"}
,"/home/safiak/SK_ZEMOSOLABS/Training/ReactAssignment/blinkist-TS-app_V7/src/pages/Library/index.ts": {"path":"/home/safiak/SK_ZEMOSOLABS/Training/ReactAssignment/blinkist-TS-app_V7/src/pages/Library/index.ts","statementMap":{},"fnMap":{},"branchMap":{},"s":{},"f":{},"b":{},"_coverageSchema":"1a1c01bbd47fc00a2c39e90264f33305004495a9","hash":"9198a1038103dbddbea35b199a51ef59837ec57f"}
,"/home/safiak/SK_ZEMOSOLABS/Training/ReactAssignment/blinkist-TS-app_V7/src/pages/Login/Login.tsx": {"path":"/home/safiak/SK_ZEMOSOLABS/Training/ReactAssignment/blinkist-TS-app_V7/src/pages/Login/Login.tsx","statementMap":{"0":{"start":{"line":10,"column":14},"end":{"line":24,"column":1}},"1":{"start":{"line":11,"column":32},"end":{"line":11,"column":42}},"2":{"start":{"line":13,"column":2},"end":{"line":23,"column":4}},"3":{"start":{"line":16,"column":23},"end":{"line":16,"column":42}}},"fnMap":{"0":{"name":"(anonymous_0)","decl":{"start":{"line":10,"column":14},"end":{"line":10,"column":15}},"loc":{"start":{"line":10,"column":37},"end":{"line":24,"column":1}},"line":10},"1":{"name":"(anonymous_1)","decl":{"start":{"line":16,"column":17},"end":{"line":16,"column":18}},"loc":{"start":{"line":16,"column":23},"end":{"line":16,"column":42}},"line":16}},"branchMap":{},"s":{"0":5,"1":1,"2":1,"3":0},"f":{"0":1,"1":0},"b":{},"_coverageSchema":"1a1c01bbd47fc00a2c39e90264f33305004495a9","hash":"24dcaacf0dde23d1a85641ffe058ed146a0367a5"}
,"/home/safiak/SK_ZEMOSOLABS/Training/ReactAssignment/blinkist-TS-app_V7/src/pages/Login/index.ts": {"path":"/home/safiak/SK_ZEMOSOLABS/Training/ReactAssignment/blinkist-TS-app_V7/src/pages/Login/index.ts","statementMap":{},"fnMap":{},"branchMap":{},"s":{},"f":{},"b":{},"_coverageSchema":"1a1c01bbd47fc00a2c39e90264f33305004495a9","hash":"0ecd6fc31f9f9980abe4a5d8aba3c5c7422829ce"}
,"/home/safiak/SK_ZEMOSOLABS/Training/ReactAssignment/blinkist-TS-app_V7/src/themes/index.ts": {"path":"/home/safiak/SK_ZEMOSOLABS/Training/ReactAssignment/blinkist-TS-app_V7/src/themes/index.ts","statementMap":{"0":{"start":{"line":57,"column":14},"end":{"line":138,"column":2}}},"fnMap":{},"branchMap":{},"s":{"0":40},"f":{},"b":{},"_coverageSchema":"1a1c01bbd47fc00a2c39e90264f33305004495a9","hash":"de9c8cb6460e885cac48484c7380ad5e403bac6a"}
}
