TN:
SF:src/App.tsx
FN:20,(anonymous_0)
FN:28,App
FN:32,(anonymous_2)
FNF:3
FNH:2
FNDA:0,(anonymous_0)
FNDA:5,App
FNDA:2,(anonymous_2)
DA:18,4
DA:29,5
DA:30,4
DA:32,4
DA:33,2
DA:36,4
LF:6
LH:6
BRDA:36,0,0,0
BRDA:36,0,1,4
BRF:2
BRH:1
end_of_record
TN:
SF:src/data.tsx
FNF:0
FNH:0
DA:1,4
LF:1
LH:1
BRF:0
BRH:0
end_of_record
TN:
SF:src/index.tsx
FNF:0
FNH:0
DA:8,0
DA:9,0
DA:11,0
DA:27,0
LF:4
LH:0
BRF:0
BRH:0
end_of_record
TN:
SF:src/react-app-env.d.ts
FNF:0
FNH:0
LF:0
LH:0
BRF:0
BRH:0
end_of_record
TN:
SF:src/reportWebVitals.ts
FN:3,(anonymous_0)
FN:5,(anonymous_1)
FNF:2
FNH:0
FNDA:0,(anonymous_0)
FNDA:0,(anonymous_1)
DA:3,0
DA:4,0
DA:5,0
DA:6,0
DA:7,0
DA:8,0
DA:9,0
DA:10,0
LF:8
LH:0
BRDA:4,0,0,0
BRDA:4,0,1,0
BRDA:4,1,0,0
BRDA:4,1,1,0
BRF:4
BRH:0
end_of_record
TN:
SF:src/components/atoms/Logo/Logo.stories.tsx
FN:8,(anonymous_0)
FNF:1
FNH:0
FNDA:0,(anonymous_0)
DA:8,0
LF:1
LH:0
BRF:0
BRH:0
end_of_record
TN:
SF:src/components/atoms/Logo/Logo.tsx
FN:4,(anonymous_0)
FNF:1
FNH:1
FNDA:29,(anonymous_0)
DA:4,7
DA:5,29
LF:2
LH:2
BRF:0
BRH:0
end_of_record
TN:
SF:src/components/atoms/Logo/index.tsx
FNF:0
FNH:0
LF:0
LH:0
BRF:0
BRH:0
end_of_record
TN:
SF:src/components/atoms/PageTitle/PageTitle.stories.tsx
FN:8,(anonymous_0)
FNF:1
FNH:0
FNDA:0,(anonymous_0)
DA:8,0
LF:1
LH:0
BRF:0
BRH:0
end_of_record
TN:
SF:src/components/atoms/PageTitle/PageTitle.tsx
FN:5,(anonymous_0)
FNF:1
FNH:1
FNDA:6,(anonymous_0)
DA:5,5
DA:6,6
LF:2
LH:2
BRF:0
BRH:0
end_of_record
TN:
SF:src/components/atoms/PageTitle/index.tsx
FNF:0
FNH:0
LF:0
LH:0
BRF:0
BRH:0
end_of_record
TN:
SF:src/components/atoms/ProgressBar/ProgressBar.stories.tsx
FN:8,(anonymous_0)
FNF:1
FNH:0
FNDA:0,(anonymous_0)
DA:8,0
LF:1
LH:0
BRF:0
BRH:0
end_of_record
TN:
SF:src/components/atoms/ProgressBar/ProgressBar.tsx
FN:16,(anonymous_0)
FNF:1
FNH:1
FNDA:22,(anonymous_0)
DA:4,6
DA:16,6
DA:17,22
LF:3
LH:3
BRF:0
BRH:0
end_of_record
TN:
SF:src/components/atoms/ProgressBar/index.tsx
FNF:0
FNH:0
LF:0
LH:0
BRF:0
BRH:0
end_of_record
TN:
SF:src/components/atoms/icons/Add/Add.stories.tsx
FN:9,(anonymous_0)
FNF:1
FNH:0
FNDA:0,(anonymous_0)
DA:9,0
DA:11,0
LF:2
LH:0
BRF:0
BRH:0
end_of_record
TN:
SF:src/components/atoms/icons/Add/Add.tsx
FN:8,(anonymous_0)
FNF:1
FNH:1
FNDA:36,(anonymous_0)
DA:8,6
DA:9,36
LF:2
LH:2
BRF:0
BRH:0
end_of_record
TN:
SF:src/components/atoms/icons/Add/index.tsx
FNF:0
FNH:0
LF:0
LH:0
BRF:0
BRH:0
end_of_record
TN:
SF:src/components/atoms/icons/ArrowRight/ArrowRight.stories.tsx
FN:8,(anonymous_0)
FNF:1
FNH:0
FNDA:0,(anonymous_0)
DA:8,0
LF:1
LH:0
BRF:0
BRH:0
end_of_record
TN:
SF:src/components/atoms/icons/ArrowRight/ArrowRight.tsx
FN:3,(anonymous_0)
FNF:1
FNH:1
FNDA:16,(anonymous_0)
DA:3,5
DA:4,16
LF:2
LH:2
BRF:0
BRH:0
end_of_record
TN:
SF:src/components/atoms/icons/ArrowRight/index.tsx
FNF:0
FNH:0
LF:0
LH:0
BRF:0
BRH:0
end_of_record
TN:
SF:src/components/atoms/icons/BannerIcon/BannerIcon.stories.tsx
FN:8,(anonymous_0)
FNF:1
FNH:0
FNDA:0,(anonymous_0)
DA:8,0
LF:1
LH:0
BRF:0
BRH:0
end_of_record
TN:
SF:src/components/atoms/icons/BannerIcon/BannerIcon.tsx
FN:3,(anonymous_0)
FNF:1
FNH:1
FNDA:11,(anonymous_0)
DA:3,6
DA:4,11
LF:2
LH:2
BRF:0
BRH:0
end_of_record
TN:
SF:src/components/atoms/icons/BannerIcon/index.tsx
FNF:0
FNH:0
LF:0
LH:0
BRF:0
BRH:0
end_of_record
TN:
SF:src/components/atoms/icons/Building/Building.stories.tsx
FN:8,(anonymous_0)
FNF:1
FNH:0
FNDA:0,(anonymous_0)
DA:8,0
LF:1
LH:0
BRF:0
BRH:0
end_of_record
TN:
SF:src/components/atoms/icons/Building/Building.tsx
FN:4,(anonymous_0)
FNF:1
FNH:1
FNDA:15,(anonymous_0)
DA:4,7
DA:5,15
LF:2
LH:2
BRF:0
BRH:0
end_of_record
TN:
SF:src/components/atoms/icons/Building/index.tsx
FNF:0
FNH:0
LF:0
LH:0
BRF:0
BRH:0
end_of_record
TN:
SF:src/components/atoms/icons/CaretDown/CaretDown.stories.tsx
FN:8,(anonymous_0)
FNF:1
FNH:0
FNDA:0,(anonymous_0)
DA:8,0
LF:1
LH:0
BRF:0
BRH:0
end_of_record
TN:
SF:src/components/atoms/icons/CaretDown/CaretDown.tsx
FN:3,(anonymous_0)
FNF:1
FNH:1
FNDA:18,(anonymous_0)
DA:3,6
DA:4,18
LF:2
LH:2
BRF:0
BRH:0
end_of_record
TN:
SF:src/components/atoms/icons/CaretDown/index.tsx
FNF:0
FNH:0
LF:0
LH:0
BRF:0
BRH:0
end_of_record
TN:
SF:src/components/atoms/icons/Carrier/Carrier.stories.tsx
FN:8,(anonymous_0)
FNF:1
FNH:0
FNDA:0,(anonymous_0)
DA:8,0
LF:1
LH:0
BRF:0
BRH:0
end_of_record
TN:
SF:src/components/atoms/icons/Carrier/Carrier.tsx
FN:4,(anonymous_0)
FNF:1
FNH:1
FNDA:15,(anonymous_0)
DA:4,7
DA:5,15
LF:2
LH:2
BRF:0
BRH:0
end_of_record
TN:
SF:src/components/atoms/icons/Carrier/index.tsx
FNF:0
FNH:0
LF:0
LH:0
BRF:0
BRH:0
end_of_record
TN:
SF:src/components/atoms/icons/Communication/Communication.stories.tsx
FN:8,(anonymous_0)
FNF:1
FNH:0
FNDA:0,(anonymous_0)
DA:8,0
LF:1
LH:0
BRF:0
BRH:0
end_of_record
TN:
SF:src/components/atoms/icons/Communication/Communication.tsx
FN:4,(anonymous_0)
FNF:1
FNH:1
FNDA:15,(anonymous_0)
DA:4,7
DA:5,15
LF:2
LH:2
BRF:0
BRH:0
end_of_record
TN:
SF:src/components/atoms/icons/Communication/index.tsx
FNF:0
FNH:0
LF:0
LH:0
BRF:0
BRH:0
end_of_record
TN:
SF:src/components/atoms/icons/Corporate/Corporate.stories.tsx
FN:8,(anonymous_0)
FNF:1
FNH:0
FNDA:0,(anonymous_0)
DA:8,0
LF:1
LH:0
BRF:0
BRH:0
end_of_record
TN:
SF:src/components/atoms/icons/Corporate/Corporate.tsx
FN:4,(anonymous_0)
FNF:1
FNH:1
FNDA:15,(anonymous_0)
DA:4,7
DA:5,15
LF:2
LH:2
BRF:0
BRH:0
end_of_record
TN:
SF:src/components/atoms/icons/Corporate/index.tsx
FNF:0
FNH:0
LF:0
LH:0
BRF:0
BRH:0
end_of_record
TN:
SF:src/components/atoms/icons/Dots/Dots.stories.tsx
FN:8,(anonymous_0)
FNF:1
FNH:0
FNDA:0,(anonymous_0)
DA:8,0
LF:1
LH:0
BRF:0
BRH:0
end_of_record
TN:
SF:src/components/atoms/icons/Dots/Dots.tsx
FN:3,(anonymous_0)
FNF:1
FNH:0
FNDA:0,(anonymous_0)
DA:3,1
DA:4,0
LF:2
LH:1
BRF:0
BRH:0
end_of_record
TN:
SF:src/components/atoms/icons/Dots/index.tsx
FNF:0
FNH:0
LF:0
LH:0
BRF:0
BRH:0
end_of_record
TN:
SF:src/components/atoms/icons/Economics/Economics.stories.tsx
FN:8,(anonymous_0)
FNF:1
FNH:0
FNDA:0,(anonymous_0)
DA:8,0
LF:1
LH:0
BRF:0
BRH:0
end_of_record
TN:
SF:src/components/atoms/icons/Economics/Economics.tsx
FN:4,(anonymous_0)
FNF:1
FNH:1
FNDA:15,(anonymous_0)
DA:4,7
DA:5,15
LF:2
LH:2
BRF:0
BRH:0
end_of_record
TN:
SF:src/components/atoms/icons/Economics/index.tsx
FNF:0
FNH:0
LF:0
LH:0
BRF:0
BRH:0
end_of_record
TN:
SF:src/components/atoms/icons/Education/Education.stories.tsx
FN:8,(anonymous_0)
FNF:1
FNH:0
FNDA:0,(anonymous_0)
DA:8,0
LF:1
LH:0
BRF:0
BRH:0
end_of_record
TN:
SF:src/components/atoms/icons/Education/Education.tsx
FN:4,(anonymous_0)
FNF:1
FNH:1
FNDA:15,(anonymous_0)
DA:4,7
DA:5,15
LF:2
LH:2
BRF:0
BRH:0
end_of_record
TN:
SF:src/components/atoms/icons/Education/index.tsx
FNF:0
FNH:0
LF:0
LH:0
BRF:0
BRH:0
end_of_record
TN:
SF:src/components/atoms/icons/Ellipse/Ellipse.stories.tsx
FN:8,(anonymous_0)
FNF:1
FNH:0
FNDA:0,(anonymous_0)
DA:8,0
LF:1
LH:0
BRF:0
BRH:0
end_of_record
TN:
SF:src/components/atoms/icons/Ellipse/Ellipse.tsx
FN:3,(anonymous_0)
FNF:1
FNH:1
FNDA:9,(anonymous_0)
DA:3,6
DA:4,9
LF:2
LH:2
BRF:0
BRH:0
end_of_record
TN:
SF:src/components/atoms/icons/Ellipse/index.tsx
FNF:0
FNH:0
LF:0
LH:0
BRF:0
BRH:0
end_of_record
TN:
SF:src/components/atoms/icons/Entrepreneurship/Entrepreneurship.stories.tsx
FN:8,(anonymous_0)
FNF:1
FNH:0
FNDA:0,(anonymous_0)
DA:8,0
LF:1
LH:0
BRF:0
BRH:0
end_of_record
TN:
SF:src/components/atoms/icons/Entrepreneurship/Entrepreneurship.tsx
FN:4,(anonymous_0)
FNF:1
FNH:1
FNDA:16,(anonymous_0)
DA:4,8
DA:5,16
LF:2
LH:2
BRF:0
BRH:0
end_of_record
TN:
SF:src/components/atoms/icons/Entrepreneurship/index.tsx
FNF:0
FNH:0
LF:0
LH:0
BRF:0
BRH:0
end_of_record
TN:
SF:src/components/atoms/icons/Flask/Flask.stories.tsx
FN:8,(anonymous_0)
FNF:1
FNH:0
FNDA:0,(anonymous_0)
DA:8,0
LF:1
LH:0
BRF:0
BRH:0
end_of_record
TN:
SF:src/components/atoms/icons/Flask/Flask.tsx
FN:4,(anonymous_0)
FNF:1
FNH:1
FNDA:15,(anonymous_0)
DA:4,7
DA:5,15
LF:2
LH:2
BRF:0
BRH:0
end_of_record
TN:
SF:src/components/atoms/icons/Flask/index.tsx
FNF:0
FNH:0
LF:0
LH:0
BRF:0
BRH:0
end_of_record
TN:
SF:src/components/atoms/icons/Health/Health.stories.tsx
FN:8,(anonymous_0)
FNF:1
FNH:0
FNDA:0,(anonymous_0)
DA:8,0
LF:1
LH:0
BRF:0
BRH:0
end_of_record
TN:
SF:src/components/atoms/icons/Health/Health.tsx
FN:4,(anonymous_0)
FNF:1
FNH:1
FNDA:15,(anonymous_0)
DA:4,7
DA:5,15
LF:2
LH:2
BRF:0
BRH:0
end_of_record
TN:
SF:src/components/atoms/icons/Health/index.tsx
FNF:0
FNH:0
LF:0
LH:0
BRF:0
BRH:0
end_of_record
TN:
SF:src/components/atoms/icons/History/History.stories.tsx
FN:8,(anonymous_0)
FNF:1
FNH:0
FNDA:0,(anonymous_0)
DA:8,0
LF:1
LH:0
BRF:0
BRH:0
end_of_record
TN:
SF:src/components/atoms/icons/History/History.tsx
FN:4,(anonymous_0)
FNF:1
FNH:1
FNDA:15,(anonymous_0)
DA:4,7
DA:5,15
LF:2
LH:2
BRF:0
BRH:0
end_of_record
TN:
SF:src/components/atoms/icons/History/index.tsx
FNF:0
FNH:0
LF:0
LH:0
BRF:0
BRH:0
end_of_record
TN:
SF:src/components/atoms/icons/Money/Money.stories.tsx
FN:8,(anonymous_0)
FNF:1
FNH:0
FNDA:0,(anonymous_0)
DA:8,0
LF:1
LH:0
BRF:0
BRH:0
end_of_record
TN:
SF:src/components/atoms/icons/Money/Money.tsx
FN:4,(anonymous_0)
FNF:1
FNH:1
FNDA:15,(anonymous_0)
DA:4,7
DA:5,15
LF:2
LH:2
BRF:0
BRH:0
end_of_record
TN:
SF:src/components/atoms/icons/Money/index.tsx
FNF:0
FNH:0
LF:0
LH:0
BRF:0
BRH:0
end_of_record
TN:
SF:src/components/atoms/icons/Motivation/Motivation.stories.tsx
FN:8,(anonymous_0)
FNF:1
FNH:0
FNDA:0,(anonymous_0)
DA:8,0
LF:1
LH:0
BRF:0
BRH:0
end_of_record
TN:
SF:src/components/atoms/icons/Motivation/Motivation.tsx
FN:4,(anonymous_0)
FNF:1
FNH:1
FNDA:15,(anonymous_0)
DA:4,7
DA:5,15
LF:2
LH:2
BRF:0
BRH:0
end_of_record
TN:
SF:src/components/atoms/icons/Motivation/index.tsx
FNF:0
FNH:0
LF:0
LH:0
BRF:0
BRH:0
end_of_record
TN:
SF:src/components/atoms/icons/Nature/Nature.stories.tsx
FN:8,(anonymous_0)
FNF:1
FNH:0
FNDA:0,(anonymous_0)
DA:8,0
LF:1
LH:0
BRF:0
BRH:0
end_of_record
TN:
SF:src/components/atoms/icons/Nature/Nature.tsx
FN:4,(anonymous_0)
FNF:1
FNH:1
FNDA:15,(anonymous_0)
DA:4,7
DA:5,15
LF:2
LH:2
BRF:0
BRH:0
end_of_record
TN:
SF:src/components/atoms/icons/Nature/index.tsx
FNF:0
FNH:0
LF:0
LH:0
BRF:0
BRH:0
end_of_record
TN:
SF:src/components/atoms/icons/PersonalDevelopment/PersonalDevelopment.stories.tsx
FN:8,(anonymous_0)
FNF:1
FNH:0
FNDA:0,(anonymous_0)
DA:8,0
LF:1
LH:0
BRF:0
BRH:0
end_of_record
TN:
SF:src/components/atoms/icons/PersonalDevelopment/PersonalDevelopment.tsx
FN:4,(anonymous_0)
FNF:1
FNH:1
FNDA:15,(anonymous_0)
DA:4,7
DA:5,15
LF:2
LH:2
BRF:0
BRH:0
end_of_record
TN:
SF:src/components/atoms/icons/PersonalDevelopment/index.tsx
FNF:0
FNH:0
LF:0
LH:0
BRF:0
BRH:0
end_of_record
TN:
SF:src/components/atoms/icons/Productivity/Productivity.stories.tsx
FN:8,(anonymous_0)
FNF:1
FNH:0
FNDA:0,(anonymous_0)
DA:8,0
LF:1
LH:0
BRF:0
BRH:0
end_of_record
TN:
SF:src/components/atoms/icons/Productivity/Productivity.tsx
FN:4,(anonymous_0)
FNF:1
FNH:1
FNDA:15,(anonymous_0)
DA:4,7
DA:5,15
LF:2
LH:2
BRF:0
BRH:0
end_of_record
TN:
SF:src/components/atoms/icons/Productivity/index.tsx
FNF:0
FNH:0
LF:0
LH:0
BRF:0
BRH:0
end_of_record
TN:
SF:src/components/atoms/icons/Psychology/Psychology.stories.tsx
FN:8,(anonymous_0)
FNF:1
FNH:0
FNDA:0,(anonymous_0)
DA:8,0
LF:1
LH:0
BRF:0
BRH:0
end_of_record
TN:
SF:src/components/atoms/icons/Psychology/Psychology.tsx
FN:4,(anonymous_0)
FNF:1
FNH:1
FNDA:15,(anonymous_0)
DA:4,7
DA:5,15
LF:2
LH:2
BRF:0
BRH:0
end_of_record
TN:
SF:src/components/atoms/icons/Psychology/index.tsx
FNF:0
FNH:0
LF:0
LH:0
BRF:0
BRH:0
end_of_record
TN:
SF:src/components/atoms/icons/Relationship/Relationship.stories.tsx
FN:8,(anonymous_0)
FNF:1
FNH:0
FNDA:0,(anonymous_0)
DA:8,0
LF:1
LH:0
BRF:0
BRH:0
end_of_record
TN:
SF:src/components/atoms/icons/Relationship/Relationship.tsx
FN:4,(anonymous_0)
FNF:1
FNH:1
FNDA:15,(anonymous_0)
DA:4,7
DA:5,15
LF:2
LH:2
BRF:0
BRH:0
end_of_record
TN:
SF:src/components/atoms/icons/Relationship/index.tsx
FNF:0
FNH:0
LF:0
LH:0
BRF:0
BRH:0
end_of_record
TN:
SF:src/components/atoms/icons/Search/Search.stories.tsx
FN:8,(anonymous_0)
FNF:1
FNH:0
FNDA:0,(anonymous_0)
DA:8,0
LF:1
LH:0
BRF:0
BRH:0
end_of_record
TN:
SF:src/components/atoms/icons/Search/Search.tsx
FN:3,(anonymous_0)
FNF:1
FNH:1
FNDA:16,(anonymous_0)
DA:3,7
DA:4,16
LF:2
LH:2
BRF:0
BRH:0
end_of_record
TN:
SF:src/components/atoms/icons/Search/index.tsx
FNF:0
FNH:0
LF:0
LH:0
BRF:0
BRH:0
end_of_record
TN:
SF:src/components/atoms/icons/Stats/Stats.stories.tsx
FN:8,(anonymous_0)
FNF:1
FNH:0
FNDA:0,(anonymous_0)
DA:8,0
LF:1
LH:0
BRF:0
BRH:0
end_of_record
TN:
SF:src/components/atoms/icons/Stats/Stats.tsx
FN:4,(anonymous_0)
FNF:1
FNH:1
FNDA:15,(anonymous_0)
DA:4,7
DA:5,15
LF:2
LH:2
BRF:0
BRH:0
end_of_record
TN:
SF:src/components/atoms/icons/Stats/index.tsx
FNF:0
FNH:0
LF:0
LH:0
BRF:0
BRH:0
end_of_record
TN:
SF:src/components/atoms/icons/TimeIcon/TimeIcon.stories.tsx
FN:8,(anonymous_0)
FNF:1
FNH:0
FNDA:0,(anonymous_0)
DA:8,0
LF:1
LH:0
BRF:0
BRH:0
end_of_record
TN:
SF:src/components/atoms/icons/TimeIcon/TimeIcon.tsx
FN:4,(anonymous_0)
FNF:1
FNH:1
FNDA:72,(anonymous_0)
DA:4,7
DA:5,72
LF:2
LH:2
BRF:0
BRH:0
end_of_record
TN:
SF:src/components/atoms/icons/TimeIcon/index.tsx
FNF:0
FNH:0
LF:0
LH:0
BRF:0
BRH:0
end_of_record
TN:
SF:src/components/atoms/icons/User/User.stories.tsx
FN:8,(anonymous_0)
FNF:1
FNH:0
FNDA:0,(anonymous_0)
DA:8,0
LF:1
LH:0
BRF:0
BRH:0
end_of_record
TN:
SF:src/components/atoms/icons/User/User.tsx
FN:4,(anonymous_0)
FNF:1
FNH:1
FNDA:72,(anonymous_0)
DA:4,7
DA:5,72
LF:2
LH:2
BRF:0
BRH:0
end_of_record
TN:
SF:src/components/atoms/icons/User/index.tsx
FNF:0
FNH:0
LF:0
LH:0
BRF:0
BRH:0
end_of_record
TN:
SF:src/components/molecules/Banner/Banner.stories.tsx
FN:9,(anonymous_0)
FNF:1
FNH:0
FNDA:0,(anonymous_0)
DA:9,0
LF:1
LH:0
BRF:0
BRH:0
end_of_record
TN:
SF:src/components/molecules/Banner/Banner.tsx
FN:18,(anonymous_0)
FNF:1
FNH:1
FNDA:11,(anonymous_0)
DA:6,5
DA:18,5
DA:19,11
LF:3
LH:3
BRF:0
BRH:0
end_of_record
TN:
SF:src/components/molecules/Banner/index.tsx
FNF:0
FNH:0
LF:0
LH:0
BRF:0
BRH:0
end_of_record
TN:
SF:src/components/molecules/Button/Button.stories.tsx
FN:11,(anonymous_0)
FN:12,(anonymous_1)
FNF:2
FNH:0
FNDA:0,(anonymous_0)
FNDA:0,(anonymous_1)
DA:11,0
DA:12,0
DA:14,0
DA:19,0
LF:4
LH:0
BRF:0
BRH:0
end_of_record
TN:
SF:src/components/molecules/Button/Primary/Primary.tsx
FN:30,(anonymous_0)
FN:33,(anonymous_1)
FN:40,(anonymous_2)
FN:41,(anonymous_3)
FNF:4
FNH:1
FNDA:17,(anonymous_0)
FNDA:0,(anonymous_1)
FNDA:0,(anonymous_2)
FNDA:0,(anonymous_3)
DA:6,5
DA:30,5
DA:31,17
DA:33,17
DA:34,0
DA:37,17
DA:40,0
DA:41,0
LF:8
LH:5
BRDA:39,0,0,0
BRDA:39,0,1,17
BRF:2
BRH:1
end_of_record
TN:
SF:src/components/molecules/Button/Primary/index.tsx
FNF:0
FNH:0
LF:0
LH:0
BRF:0
BRH:0
end_of_record
TN:
SF:src/components/molecules/Button/Secondary/Secondary.tsx
FN:43,(anonymous_0)
FN:46,(anonymous_1)
FN:53,(anonymous_2)
FN:54,(anonymous_3)
FNF:4
FNH:1
FNDA:37,(anonymous_0)
FNDA:0,(anonymous_1)
FNDA:0,(anonymous_2)
FNDA:0,(anonymous_3)
DA:6,6
DA:43,6
DA:44,37
DA:46,37
DA:47,0
DA:50,37
DA:53,0
DA:54,0
LF:8
LH:5
BRDA:52,0,0,0
BRDA:52,0,1,37
BRDA:56,1,0,36
BRDA:56,1,1,1
BRF:4
BRH:3
end_of_record
TN:
SF:src/components/molecules/Button/Secondary/index.tsx
FNF:0
FNH:0
LF:0
LH:0
BRF:0
BRH:0
end_of_record
TN:
SF:src/components/molecules/NavMenuLink/NavMenuLink.stories.tsx
FN:10,(anonymous_0)
FNF:1
FNH:0
FNDA:0,(anonymous_0)
DA:10,0
DA:11,0
DA:14,0
LF:3
LH:0
BRF:0
BRH:0
end_of_record
TN:
SF:src/components/molecules/NavMenuLink/NavMenuLink.tsx
FN:28,(anonymous_0)
FN:31,(anonymous_1)
FN:40,(anonymous_2)
FN:41,(anonymous_3)
FNF:4
FNH:1
FNDA:310,(anonymous_0)
FNDA:0,(anonymous_1)
FNDA:0,(anonymous_2)
FNDA:0,(anonymous_3)
DA:7,7
DA:28,7
DA:29,310
DA:31,307
DA:32,0
DA:35,307
DA:40,0
DA:41,0
LF:8
LH:5
BRDA:43,0,0,0
BRDA:43,0,1,307
BRF:2
BRH:1
end_of_record
TN:
SF:src/components/molecules/NavMenuLink/index.tsx
FNF:0
FNH:0
LF:0
LH:0
BRF:0
BRH:0
end_of_record
TN:
SF:src/components/molecules/SearchBar/SearchBar.stories.tsx
FN:9,(anonymous_0)
FNF:1
FNH:0
FNDA:0,(anonymous_0)
DA:9,0
LF:1
LH:0
BRF:0
BRH:0
end_of_record
TN:
SF:src/components/molecules/SearchBar/SearchBar.tsx
FN:26,(anonymous_0)
FNF:1
FNH:1
FNDA:7,(anonymous_0)
DA:5,5
DA:26,5
DA:27,7
LF:3
LH:3
BRF:0
BRH:0
end_of_record
TN:
SF:src/components/molecules/SearchBar/index.tsx
FNF:0
FNH:0
LF:0
LH:0
BRF:0
BRH:0
end_of_record
TN:
SF:src/components/molecules/SynopsisBar/SynopsisBar.stories.tsx
FN:9,(anonymous_0)
FNF:1
FNH:0
FNDA:0,(anonymous_0)
DA:9,0
LF:1
LH:0
BRF:0
BRH:0
end_of_record
TN:
SF:src/components/molecules/SynopsisBar/SynopsisBar.tsx
FN:29,(anonymous_0)
FN:32,(anonymous_1)
FN:41,(anonymous_2)
FNF:3
FNH:1
FNDA:20,(anonymous_0)
FNDA:0,(anonymous_1)
FNDA:0,(anonymous_2)
DA:6,5
DA:29,5
DA:30,20
DA:32,20
DA:33,0
DA:36,20
DA:41,0
LF:7
LH:5
BRDA:39,0,0,20
BRDA:39,0,1,0
BRDA:42,1,0,20
BRDA:42,1,1,0
BRDA:48,2,0,0
BRDA:48,2,1,20
BRDA:50,3,0,0
BRDA:50,3,1,20
BRDA:56,4,0,0
BRDA:56,4,1,20
BRDA:58,5,0,0
BRDA:58,5,1,20
BRF:12
BRH:6
end_of_record
TN:
SF:src/components/molecules/SynopsisBar/index.tsx
FNF:0
FNH:0
LF:0
LH:0
BRF:0
BRH:0
end_of_record
TN:
SF:src/components/molecules/Tabs/Tabs.stories.tsx
FN:9,(anonymous_0)
FN:12,(anonymous_1)
FNF:2
FNH:0
FNDA:0,(anonymous_0)
FNDA:0,(anonymous_1)
DA:9,0
DA:11,0
DA:13,0
LF:3
LH:0
BRF:0
BRH:0
end_of_record
TN:
SF:src/components/molecules/Tabs/Tabs.tsx
FN:28,(anonymous_0)
FN:31,(anonymous_1)
FN:41,(anonymous_2)
FN:50,(anonymous_3)
FNF:4
FNH:1
FNDA:8,(anonymous_0)
FNDA:0,(anonymous_1)
FNDA:0,(anonymous_2)
FNDA:0,(anonymous_3)
DA:5,5
DA:28,5
DA:29,8
DA:31,8
DA:32,0
DA:33,0
DA:36,8
DA:41,0
DA:50,0
LF:9
LH:5
BRDA:39,0,0,8
BRDA:39,0,1,0
BRDA:42,1,0,8
BRDA:42,1,1,0
BRDA:48,2,0,0
BRDA:48,2,1,8
BRDA:51,3,0,0
BRDA:51,3,1,8
BRF:8
BRH:4
end_of_record
TN:
SF:src/components/molecules/Tabs/index.tsx
FNF:0
FNH:0
LF:0
LH:0
BRF:0
BRH:0
end_of_record
TN:
SF:src/components/organisms/BookCard/BookCardProps.ts
FNF:0
FNH:0
LF:0
LH:0
BRF:0
BRH:0
end_of_record
TN:
SF:src/components/organisms/BookCard/BookCardBar/BookCardBar.stories.tsx
FN:11,(anonymous_0)
FNF:1
FNH:0
FNDA:0,(anonymous_0)
DA:11,0
DA:12,0
DA:15,0
LF:3
LH:0
BRF:0
BRH:0
end_of_record
TN:
SF:src/components/organisms/BookCard/BookCardBar/BookCardBar.tsx
FN:43,(anonymous_0)
FNF:1
FNH:1
FNDA:20,(anonymous_0)
DA:9,5
DA:43,5
DA:44,20
LF:3
LH:3
BRDA:96,0,0,15
BRDA:96,0,1,5
BRF:2
BRH:2
end_of_record
TN:
SF:src/components/organisms/BookCard/BookCardBar/index.tsx
FNF:0
FNH:0
LF:0
LH:0
BRF:0
BRH:0
end_of_record
TN:
SF:src/components/organisms/BookCard/BookCardButton/BookCardButton.stories.tsx
FN:11,(anonymous_0)
FNF:1
FNH:0
FNDA:0,(anonymous_0)
DA:11,0
DA:12,0
DA:15,0
LF:3
LH:0
BRF:0
BRH:0
end_of_record
TN:
SF:src/components/organisms/BookCard/BookCardButton/BookCardButton.tsx
FN:40,(anonymous_0)
FN:71,(anonymous_1)
FNF:2
FNH:1
FNDA:36,(anonymous_0)
FNDA:0,(anonymous_1)
DA:10,5
DA:40,5
DA:41,36
DA:72,0
LF:4
LH:3
BRF:0
BRH:0
end_of_record
TN:
SF:src/components/organisms/BookCard/BookCardButton/index.tsx
FNF:0
FNH:0
LF:0
LH:0
BRF:0
BRH:0
end_of_record
TN:
SF:src/components/organisms/Footer/Footer.stories.tsx
FN:9,(anonymous_0)
FNF:1
FNH:0
FNDA:0,(anonymous_0)
DA:9,0
LF:1
LH:0
BRF:0
BRH:0
end_of_record
TN:
SF:src/components/organisms/Footer/Footer.tsx
FN:30,(anonymous_0)
FNF:1
FNH:1
FNDA:20,(anonymous_0)
DA:6,5
DA:30,5
DA:31,20
LF:3
LH:3
BRF:0
BRH:0
end_of_record
TN:
SF:src/components/organisms/Footer/index.tsx
FNF:0
FNH:0
LF:0
LH:0
BRF:0
BRH:0
end_of_record
TN:
SF:src/components/organisms/Header/Header.stories.tsx
FN:9,(anonymous_0)
FNF:1
FNH:0
FNDA:0,(anonymous_0)
DA:9,0
LF:1
LH:0
BRF:0
BRH:0
end_of_record
TN:
SF:src/components/organisms/Header/Header.tsx
FN:15,Header
FN:20,(anonymous_1)
FN:24,(anonymous_2)
FN:54,(anonymous_3)
FN:83,(anonymous_4)
FNF:5
FNH:1
FNDA:11,Header
FNDA:0,(anonymous_1)
FNDA:0,(anonymous_2)
FNDA:0,(anonymous_3)
FNDA:0,(anonymous_4)
DA:16,11
DA:17,9
DA:18,9
DA:20,9
DA:21,0
DA:24,9
DA:25,0
DA:26,0
DA:28,0
DA:31,9
DA:33,9
DA:54,0
DA:83,0
LF:13
LH:7
BRDA:25,0,0,0
BRDA:25,0,1,0
BRDA:50,1,0,9
BRDA:50,1,1,0
BRDA:65,2,0,0
BRDA:65,2,1,9
BRDA:79,3,0,0
BRDA:79,3,1,9
BRDA:101,4,0,0
BRDA:101,4,1,9
BRF:10
BRH:4
end_of_record
TN:
SF:src/components/organisms/Header/HeaderStyles.tsx
FNF:0
FNH:0
DA:3,5
LF:1
LH:1
BRF:0
BRH:0
end_of_record
TN:
SF:src/components/organisms/Header/index.tsx
FNF:0
FNH:0
LF:0
LH:0
BRF:0
BRH:0
end_of_record
TN:
SF:src/components/organisms/HeaderDropDown/HeaderDropDown.stories.tsx
FN:9,(anonymous_0)
FNF:1
FNH:0
FNDA:0,(anonymous_0)
DA:9,0
LF:1
LH:0
BRF:0
BRH:0
end_of_record
TN:
SF:src/components/organisms/HeaderDropDown/HeaderDropDown.tsx
FN:141,(anonymous_0)
FN:170,(anonymous_1)
FNF:2
FNH:2
FNDA:20,(anonymous_0)
FNDA:360,(anonymous_1)
DA:25,6
DA:48,6
DA:141,6
DA:142,20
DA:171,360
LF:5
LH:5
BRF:0
BRH:0
end_of_record
TN:
SF:src/components/organisms/HeaderDropDown/index.tsx
FNF:0
FNH:0
LF:0
LH:0
BRF:0
BRH:0
end_of_record
TN:
SF:src/pages/Blink/Blink.tsx
FN:47,(anonymous_0)
FN:54,(anonymous_1)
FN:60,(anonymous_2)
FN:66,(anonymous_3)
FN:140,(anonymous_4)
FN:168,(anonymous_5)
FN:192,(anonymous_6)
FNF:7
FNH:1
FNDA:16,(anonymous_0)
FNDA:0,(anonymous_1)
FNDA:0,(anonymous_2)
FNDA:0,(anonymous_3)
FNDA:0,(anonymous_4)
FNDA:0,(anonymous_5)
FNDA:0,(anonymous_6)
DA:12,4
DA:47,4
DA:49,16
DA:50,16
DA:52,16
DA:54,16
DA:55,0
DA:56,0
DA:57,0
DA:60,16
DA:61,0
DA:62,0
DA:63,0
DA:66,16
DA:67,0
DA:70,16
DA:140,0
DA:168,0
DA:192,0
LF:19
LH:9
BRDA:138,0,0,3
BRDA:138,0,1,13
BRDA:166,1,0,13
BRDA:166,1,1,3
BRF:4
BRH:4
end_of_record
TN:
SF:src/pages/Blink/index.ts
FNF:0
FNH:0
LF:0
LH:0
BRF:0
BRH:0
end_of_record
TN:
SF:src/pages/Explore/Explore.tsx
FN:20,(anonymous_0)
FN:23,(anonymous_1)
FN:50,(anonymous_2)
FNF:3
FNH:2
FNDA:6,(anonymous_0)
FNDA:0,(anonymous_1)
FNDA:45,(anonymous_2)
DA:11,4
DA:20,4
DA:22,6
DA:23,5
DA:24,0
DA:25,0
DA:28,5
DA:51,45
LF:8
LH:6
BRDA:51,0,0,10
BRDA:51,0,1,35
BRF:2
BRH:2
end_of_record
TN:
SF:src/pages/Explore/index.ts
FNF:0
FNH:0
LF:0
LH:0
BRF:0
BRH:0
end_of_record
TN:
SF:src/pages/Home/Home.tsx
FN:3,(anonymous_0)
FNF:1
FNH:1
FNDA:5,(anonymous_0)
DA:3,5
DA:4,5
LF:2
LH:2
BRF:0
BRH:0
end_of_record
TN:
SF:src/pages/Home/index.ts
FNF:0
FNH:0
LF:0
LH:0
BRF:0
BRH:0
end_of_record
TN:
SF:src/pages/Library/Library.tsx
FN:22,(anonymous_0)
FN:38,(anonymous_1)
FNF:2
FNH:1
FNDA:5,(anonymous_0)
FNDA:0,(anonymous_1)
DA:10,4
DA:22,4
DA:23,5
DA:24,5
DA:26,5
DA:39,0
LF:6
LH:5
BRDA:39,0,0,0
BRDA:39,0,1,0
BRDA:39,1,0,0
BRDA:39,1,1,0
BRF:4
BRH:0
end_of_record
TN:
SF:src/pages/Library/index.ts
FNF:0
FNH:0
LF:0
LH:0
BRF:0
BRH:0
end_of_record
TN:
SF:src/pages/Login/Login.tsx
FN:10,(anonymous_0)
FN:16,(anonymous_1)
FNF:2
FNH:1
FNDA:1,(anonymous_0)
FNDA:0,(anonymous_1)
DA:10,5
DA:11,1
DA:13,1
DA:16,0
LF:4
LH:3
BRF:0
BRH:0
end_of_record
TN:
SF:src/pages/Login/index.ts
FNF:0
FNH:0
LF:0
LH:0
BRF:0
BRH:0
end_of_record
TN:
SF:src/themes/index.ts
FNF:0
FNH:0
DA:57,40
LF:1
LH:1
BRF:0
BRH:0
end_of_record
